2025-08-20 09:50:59,228 [INFO] Activator:176 - 


2025-08-20 09:50:59,228 [INFO] Activator:177 - !SESSION log4j initialized
2025-08-20 09:51:01,155 [INFO] LogOutputStream:77 - [STDOUT_REDIRECT] 
2025-08-20 09:51:02,469 [INFO] ApplicationProperties:184 - Using Application install path: C:\ST\STM32CubeIDE_1.19.0\STM32CubeIDE\plugins\com.st.stm32cube.common.mx_6.15.0.202507011659
2025-08-20 09:51:02,479 [INFO] DbMcusXml:78 - Set database path to: C:\ST\STM32CubeIDE_1.19.0\STM32CubeIDE\plugins\com.st.stm32cube.common.mx_6.15.0.202507011659\\db\/mcu/
2025-08-20 09:51:02,479 [INFO] ApiDb:274 - Set plugin database path to: C:\ST\STM32CubeIDE_1.19.0\STM32CubeIDE\plugins\com.st.stm32cube.common.mx_6.15.0.202507011659\\db\/plugins/boardmanager/
2025-08-20 09:51:02,480 [WARN] ApiDb:259 - Overriding images path with different value:  => C:\ST\STM32CubeIDE_1.19.0\STM32CubeIDE\plugins\com.st.stm32cube.common.mx_6.15.0.202507011659\\db\/plugins/mcufinder/images/
2025-08-20 09:51:02,483 [INFO] ApiDb:250 - Set database path to: C:\Users\VINOD\.stmcufinder\plugins\mcufinder//mcu/
2025-08-20 09:51:02,483 [INFO] DbMcusAds:125 - Set database path to: C:\Users\VINOD\.stmcufinder\plugins\mcufinder//mcu/
2025-08-20 09:51:02,484 [INFO] CrossReferenceDbSqlite:203 - Set database path to: C:\Users\VINOD\.stmcufinder\plugins\mcufinder//mcu/cs/
2025-08-20 09:51:02,571 [INFO] RulesReader:64 - Compatibility file has been processed (317 Rules)
2025-08-20 09:51:02,621 [INFO] DbMcusXml:78 - Set database path to: C:\ST\STM32CubeIDE_1.19.0\STM32CubeIDE\plugins\com.st.stm32cube.common.mx_6.15.0.202507011659\\db\/mcu/
2025-08-20 09:51:02,621 [INFO] ApiDb:274 - Set plugin database path to: C:\ST\STM32CubeIDE_1.19.0\STM32CubeIDE\plugins\com.st.stm32cube.common.mx_6.15.0.202507011659\\db\/plugins/boardmanager/
2025-08-20 09:51:02,621 [INFO] ApiDb:261 - Set plugin images path to: C:\ST\STM32CubeIDE_1.19.0\STM32CubeIDE\plugins\com.st.stm32cube.common.mx_6.15.0.202507011659\\db\/plugins/mcufinder/images/
2025-08-20 09:51:02,622 [WARN] DbFile:41 - Overriding database path with different value: C:\Users\VINOD\.stmcufinder\plugins\mcufinder/ => C:\Users\VINOD\.stmcufinder\plugins\mcufinder
2025-08-20 09:51:02,622 [INFO] ApiDb:250 - Set database path to: C:\Users\VINOD\.stmcufinder\plugins\mcufinder//mcu/
2025-08-20 09:51:02,622 [WARN] DbFile:41 - Overriding database path with different value: C:\Users\VINOD\.stmcufinder\plugins\mcufinder/ => C:\Users\VINOD\.stmcufinder\plugins\mcufinder
2025-08-20 09:51:02,622 [INFO] DbMcusAds:125 - Set database path to: C:\Users\VINOD\.stmcufinder\plugins\mcufinder//mcu/
2025-08-20 09:51:02,622 [WARN] DbFile:41 - Overriding database path with different value: C:\Users\VINOD\.stmcufinder\plugins\mcufinder/ => C:\Users\VINOD\.stmcufinder\plugins\mcufinder
2025-08-20 09:51:02,622 [WARN] DbFile:41 - Overriding database path with different value: C:\Users\VINOD\.stmcufinder\plugins\mcufinder/ => C:\Users\VINOD\.stmcufinder\plugins\mcufinder
2025-08-20 09:51:02,622 [INFO] CrossReferenceDbSqlite:203 - Set database path to: C:\Users\VINOD\.stmcufinder\plugins\mcufinder//mcu/cs/
2025-08-20 09:51:02,673 [INFO] MainPanel:274 - HeapMemory: 268435456
2025-08-20 09:51:02,732 [INFO] DbMcusXml:78 - Set database path to: C:\ST\STM32CubeIDE_1.19.0\STM32CubeIDE\plugins\com.st.stm32cube.common.mx_6.15.0.202507011659\\db\/mcu/
2025-08-20 09:51:02,732 [INFO] ApiDb:274 - Set plugin database path to: C:\ST\STM32CubeIDE_1.19.0\STM32CubeIDE\plugins\com.st.stm32cube.common.mx_6.15.0.202507011659\\db\/plugins/boardmanager/
2025-08-20 09:51:02,732 [INFO] ApiDb:261 - Set plugin images path to: C:\ST\STM32CubeIDE_1.19.0\STM32CubeIDE\plugins\com.st.stm32cube.common.mx_6.15.0.202507011659\\db\/plugins/mcufinder/images/
2025-08-20 09:51:02,732 [WARN] DbFile:41 - Overriding database path with different value: C:\Users\VINOD\.stmcufinder\plugins\mcufinder/ => C:\Users\VINOD\.stmcufinder\plugins\mcufinder
2025-08-20 09:51:02,732 [INFO] ApiDb:250 - Set database path to: C:\Users\VINOD\.stmcufinder\plugins\mcufinder//mcu/
2025-08-20 09:51:02,732 [WARN] DbFile:41 - Overriding database path with different value: C:\Users\VINOD\.stmcufinder\plugins\mcufinder/ => C:\Users\VINOD\.stmcufinder\plugins\mcufinder
2025-08-20 09:51:02,732 [INFO] DbMcusAds:125 - Set database path to: C:\Users\VINOD\.stmcufinder\plugins\mcufinder//mcu/
2025-08-20 09:51:02,732 [WARN] DbFile:41 - Overriding database path with different value: C:\Users\VINOD\.stmcufinder\plugins\mcufinder/ => C:\Users\VINOD\.stmcufinder\plugins\mcufinder
2025-08-20 09:51:02,732 [WARN] DbFile:41 - Overriding database path with different value: C:\Users\VINOD\.stmcufinder\plugins\mcufinder/ => C:\Users\VINOD\.stmcufinder\plugins\mcufinder
2025-08-20 09:51:02,732 [INFO] CrossReferenceDbSqlite:203 - Set database path to: C:\Users\VINOD\.stmcufinder\plugins\mcufinder//mcu/cs/
2025-08-20 09:51:02,746 [INFO] ApplicationProperties:184 - Using Application install path: C:\ST\STM32CubeIDE_1.19.0\STM32CubeIDE\plugins\com.st.stm32cube.common.mx_6.15.0.202507011659
2025-08-20 09:51:02,747 [INFO] PluginManage:196 - Search for loadable plugins [exclusion list=, ]
2025-08-20 09:51:02,748 [INFO] PluginManage:310 - Check plugin analytics
2025-08-20 09:51:02,911 [INFO] AnalyticsPlugin:253 - Accepted Software Licenses: 
2025-08-20 09:51:02,911 [INFO] AnalyticsPlugin:255 - Accepted CMSIS Pack Licenses: 
2025-08-20 09:51:02,911 [INFO] AnalyticsPlugin:257 - Accepted Firmware Licenses: FW.F4.1.28.0,FW.L4.1.18.0
2025-08-20 09:51:02,914 [INFO] PluginManage:359 - Loaded plugin analytics (category:tool,tabindex:-1)
2025-08-20 09:51:02,915 [INFO] PluginManage:310 - Check plugin cadmodel
2025-08-20 09:51:02,921 [INFO] CADModel:105 - Init CAD model plugin
2025-08-20 09:51:02,922 [INFO] PluginManage:359 - Loaded plugin cadmodel (category:power,tabindex:5)
2025-08-20 09:51:02,922 [INFO] PluginManage:310 - Check plugin clock
2025-08-20 09:51:02,932 [INFO] PluginManage:359 - Loaded plugin clock (category:base,tabindex:2)
2025-08-20 09:51:02,932 [INFO] PluginManage:310 - Check plugin ddr
2025-08-20 09:51:02,933 [INFO] PluginManage:359 - Loaded plugin ddr (category:tool,tabindex:6)
2025-08-20 09:51:02,934 [INFO] PluginManage:310 - Check plugin filemanager
2025-08-20 09:51:03,124 [INFO] PluginManage:359 - Loaded plugin filemanager (category:base,tabindex:10)
2025-08-20 09:51:03,124 [INFO] PluginManage:310 - Check plugin ipmanager
2025-08-20 09:51:03,132 [INFO] PluginManage:359 - Loaded plugin ipmanager (category:base,tabindex:5)
2025-08-20 09:51:03,132 [INFO] PluginManage:310 - Check plugin lpbam
2025-08-20 09:51:03,138 [INFO] PluginManage:359 - Loaded plugin lpbam (category:base,tabindex:0)
2025-08-20 09:51:03,139 [INFO] PluginManage:310 - Check plugin memorymap
2025-08-20 09:51:03,152 [INFO] PluginManage:359 - Loaded plugin memorymap (category:base,tabindex:4)
2025-08-20 09:51:03,152 [INFO] PluginManage:310 - Check plugin pinoutandconfiguration
2025-08-20 09:51:03,160 [INFO] PluginManage:359 - Loaded plugin pinoutandconfiguration (category:base,tabindex:1)
2025-08-20 09:51:03,160 [INFO] PluginManage:310 - Check plugin pinoutconfig
2025-08-20 09:51:03,225 [WARN] SupportedApi:132 - Cannot load RTOS API schema: s4s-elt-must-match.1: The content of 'definitions' must match (annotation?, (simpleType | complexType)?, (unique | key | keyref)*)). A problem was found starting at: attribute.
2025-08-20 09:51:03,315 [INFO] PluginManage:359 - Loaded plugin pinoutconfig (category:base,tabindex:0)
2025-08-20 09:51:03,315 [INFO] PluginManage:310 - Check plugin power
2025-08-20 09:51:03,322 [INFO] PluginManage:359 - Loaded plugin power (category:power,tabindex:4)
2025-08-20 09:51:03,323 [INFO] PluginManage:310 - Check plugin projectmanager
2025-08-20 09:51:03,333 [INFO] PluginManage:359 - Loaded plugin projectmanager (category:projectmanager,tabindex:4)
2025-08-20 09:51:03,334 [INFO] PluginManage:310 - Check plugin rif
2025-08-20 09:51:03,339 [INFO] PluginManage:359 - Loaded plugin rif (category:base,tabindex:3)
2025-08-20 09:51:03,339 [INFO] PluginManage:310 - Check plugin thirdparty
2025-08-20 09:51:03,433 [INFO] PluginManage:359 - Loaded plugin thirdparty (category:base,tabindex:-1)
2025-08-20 09:51:03,433 [INFO] PluginManage:310 - Check plugin tools
2025-08-20 09:51:03,433 [WARN] IntegrityCheckThread:84 - waiting for thirdparty lock release [integrity check]
2025-08-20 09:51:03,433 [INFO] IntegrityCheckThread:86 - entering critical section [integrity check]
2025-08-20 09:51:03,433 [INFO] ThirdPartyUpdaterWithRetryManager:70 - Updater plugin not ready yet. [1/15]
2025-08-20 09:51:03,435 [INFO] PluginManage:359 - Loaded plugin tools (category:base,tabindex:7)
2025-08-20 09:51:03,435 [INFO] PluginManage:310 - Check plugin tutovideos
2025-08-20 09:51:03,546 [INFO] PluginManage:359 - Loaded plugin tutovideos (category:base,tabindex:-1)
2025-08-20 09:51:03,546 [INFO] PluginManage:310 - Check plugin updater
2025-08-20 09:51:03,570 [INFO] PluginManage:359 - Loaded plugin updater (category:base,tabindex:12)
2025-08-20 09:51:03,570 [INFO] PluginManage:310 - Check plugin userauth
2025-08-20 09:51:03,574 [INFO] UserAuth:118 - Init User Auth plugin
2025-08-20 09:51:03,576 [INFO] PluginManage:359 - Loaded plugin userauth (category:base,tabindex:14)
2025-08-20 09:51:03,577 [INFO] PluginManage:283 - PluginManage : Loaded plugins [18]
2025-08-20 09:51:03,727 [INFO] PinOutPanel:1589 - setPackage(No Configuration,No Configuration)
2025-08-20 09:51:03,793 [INFO] CADModel:165 - CPN selected for project level
2025-08-20 09:51:03,793 [INFO] CADModel:114 - Register for checkConnection events
2025-08-20 09:51:03,808 [INFO] IPUIPlugin:80 - create IPUIPlugin
2025-08-20 09:51:03,809 [INFO] PluginManager:220 - loadIPPluginJar : add adc
2025-08-20 09:51:03,811 [INFO] IPUIPlugin:80 - create IPUIPlugin
2025-08-20 09:51:03,811 [INFO] PluginManager:220 - loadIPPluginJar : add aes
2025-08-20 09:51:03,814 [INFO] IPUIPlugin:80 - create IPUIPlugin
2025-08-20 09:51:03,814 [INFO] PluginManager:220 - loadIPPluginJar : add can
2025-08-20 09:51:03,816 [INFO] IPUIPlugin:80 - create IPUIPlugin
2025-08-20 09:51:03,816 [INFO] PluginManager:220 - loadIPPluginJar : add comp
2025-08-20 09:51:03,817 [INFO] IPUIPlugin:80 - create IPUIPlugin
2025-08-20 09:51:03,817 [INFO] PluginManager:220 - loadIPPluginJar : add cryp
2025-08-20 09:51:03,819 [INFO] IPUIPlugin:80 - create IPUIPlugin
2025-08-20 09:51:03,819 [INFO] PluginManager:220 - loadIPPluginJar : add ddr_ctrl_phy
2025-08-20 09:51:03,821 [INFO] IPUIPlugin:80 - create IPUIPlugin
2025-08-20 09:51:03,821 [INFO] PluginManager:220 - loadIPPluginJar : add dfsdm
2025-08-20 09:51:03,825 [INFO] IPUIPlugin:80 - create IPUIPlugin
2025-08-20 09:51:03,825 [INFO] PluginManager:220 - loadIPPluginJar : add dma
2025-08-20 09:51:03,826 [INFO] IPUIPlugin:80 - create IPUIPlugin
2025-08-20 09:51:03,827 [INFO] PluginManager:220 - loadIPPluginJar : add dma3
2025-08-20 09:51:03,828 [INFO] IPUIPlugin:80 - create IPUIPlugin
2025-08-20 09:51:03,828 [INFO] PluginManager:220 - loadIPPluginJar : add extmemmanager
2025-08-20 09:51:03,829 [INFO] IPUIPlugin:80 - create IPUIPlugin
2025-08-20 09:51:03,829 [INFO] PluginManager:220 - loadIPPluginJar : add fatfs
2025-08-20 09:51:03,833 [INFO] IPUIPlugin:80 - create IPUIPlugin
2025-08-20 09:51:03,833 [INFO] PluginManager:220 - loadIPPluginJar : add fmc
2025-08-20 09:51:03,836 [INFO] IPUIPlugin:80 - create IPUIPlugin
2025-08-20 09:51:03,837 [INFO] PluginManager:220 - loadIPPluginJar : add freertos
2025-08-20 09:51:03,838 [INFO] IPUIPlugin:80 - create IPUIPlugin
2025-08-20 09:51:03,838 [INFO] PluginManager:220 - loadIPPluginJar : add genericplugin
2025-08-20 09:51:03,839 [INFO] IPUIPlugin:80 - create IPUIPlugin
2025-08-20 09:51:03,839 [INFO] PluginManager:220 - loadIPPluginJar : add gfxmmu
2025-08-20 09:51:03,844 [INFO] IPUIPlugin:80 - create IPUIPlugin
2025-08-20 09:51:03,844 [INFO] PluginManager:220 - loadIPPluginJar : add gic
2025-08-20 09:51:03,847 [INFO] IPUIPlugin:80 - create IPUIPlugin
2025-08-20 09:51:03,847 [INFO] PluginManager:220 - loadIPPluginJar : add gpio
2025-08-20 09:51:03,849 [INFO] IPUIPlugin:80 - create IPUIPlugin
2025-08-20 09:51:03,849 [INFO] PluginManager:220 - loadIPPluginJar : add gtzc
2025-08-20 09:51:03,850 [INFO] IPUIPlugin:80 - create IPUIPlugin
2025-08-20 09:51:03,850 [INFO] PluginManager:220 - loadIPPluginJar : add hash
2025-08-20 09:51:03,853 [INFO] IPUIPlugin:80 - create IPUIPlugin
2025-08-20 09:51:03,853 [INFO] PluginManager:220 - loadIPPluginJar : add i2c
2025-08-20 09:51:03,855 [INFO] IPUIPlugin:80 - create IPUIPlugin
2025-08-20 09:51:03,855 [INFO] PluginManager:220 - loadIPPluginJar : add i2s
2025-08-20 09:51:03,858 [INFO] IPUIPlugin:80 - create IPUIPlugin
2025-08-20 09:51:03,859 [INFO] PluginManager:220 - loadIPPluginJar : add i3c
2025-08-20 09:51:03,862 [INFO] IPUIPlugin:80 - create IPUIPlugin
2025-08-20 09:51:03,862 [INFO] PluginManager:220 - loadIPPluginJar : add ipddr
2025-08-20 09:51:03,866 [INFO] IPUIPlugin:80 - create IPUIPlugin
2025-08-20 09:51:03,866 [INFO] PluginManager:220 - loadIPPluginJar : add linkedlist
2025-08-20 09:51:03,869 [INFO] IPUIPlugin:80 - create IPUIPlugin
2025-08-20 09:51:03,869 [INFO] PluginManager:220 - loadIPPluginJar : add lorawan
2025-08-20 09:51:03,870 [INFO] IPUIPlugin:80 - create IPUIPlugin
2025-08-20 09:51:03,870 [INFO] PluginManager:220 - loadIPPluginJar : add ltdc
2025-08-20 09:51:03,873 [INFO] IPUIPlugin:80 - create IPUIPlugin
2025-08-20 09:51:03,874 [INFO] PluginManager:220 - loadIPPluginJar : add mdma
2025-08-20 09:51:03,876 [INFO] IPUIPlugin:80 - create IPUIPlugin
2025-08-20 09:51:03,876 [INFO] PluginManager:220 - loadIPPluginJar : add nvic
2025-08-20 09:51:03,880 [INFO] IPUIPlugin:80 - create IPUIPlugin
2025-08-20 09:51:03,880 [INFO] PluginManager:220 - loadIPPluginJar : add opamp
2025-08-20 09:51:03,883 [INFO] IPUIPlugin:80 - create IPUIPlugin
2025-08-20 09:51:03,883 [INFO] PluginManager:220 - loadIPPluginJar : add openamp
2025-08-20 09:51:03,885 [INFO] IPUIPlugin:80 - create IPUIPlugin
2025-08-20 09:51:03,885 [INFO] PluginManager:220 - loadIPPluginJar : add pdm2pcm
2025-08-20 09:51:03,889 [INFO] IPUIPlugin:80 - create IPUIPlugin
2025-08-20 09:51:03,891 [INFO] PluginManager:220 - loadIPPluginJar : add plateformsettings
2025-08-20 09:51:03,892 [INFO] IPUIPlugin:80 - create IPUIPlugin
2025-08-20 09:51:03,892 [INFO] PluginManager:220 - loadIPPluginJar : add quadspi
2025-08-20 09:51:03,896 [INFO] IPUIPlugin:80 - create IPUIPlugin
2025-08-20 09:51:03,897 [INFO] PluginManager:220 - loadIPPluginJar : add radio
2025-08-20 09:51:03,900 [INFO] IPUIPlugin:80 - create IPUIPlugin
2025-08-20 09:51:03,900 [INFO] PluginManager:220 - loadIPPluginJar : add resmgrutility
2025-08-20 09:51:03,902 [INFO] IPUIPlugin:80 - create IPUIPlugin
2025-08-20 09:51:03,902 [INFO] PluginManager:220 - loadIPPluginJar : add sai
2025-08-20 09:51:03,903 [INFO] IPUIPlugin:80 - create IPUIPlugin
2025-08-20 09:51:03,903 [INFO] PluginManager:220 - loadIPPluginJar : add spi
2025-08-20 09:51:03,907 [INFO] IPUIPlugin:80 - create IPUIPlugin
2025-08-20 09:51:03,907 [INFO] PluginManager:220 - loadIPPluginJar : add stm32_wpan
2025-08-20 09:51:03,909 [INFO] IPUIPlugin:80 - create IPUIPlugin
2025-08-20 09:51:03,909 [INFO] PluginManager:220 - loadIPPluginJar : add tim
2025-08-20 09:51:03,912 [INFO] IPUIPlugin:80 - create IPUIPlugin
2025-08-20 09:51:03,912 [INFO] PluginManager:220 - loadIPPluginJar : add touchsensing
2025-08-20 09:51:03,913 [INFO] IPUIPlugin:80 - create IPUIPlugin
2025-08-20 09:51:03,913 [INFO] PluginManager:220 - loadIPPluginJar : add tracer_emb
2025-08-20 09:51:03,915 [INFO] IPUIPlugin:80 - create IPUIPlugin
2025-08-20 09:51:03,915 [INFO] PluginManager:220 - loadIPPluginJar : add ts
2025-08-20 09:51:03,916 [INFO] IPUIPlugin:80 - create IPUIPlugin
2025-08-20 09:51:03,916 [INFO] PluginManager:220 - loadIPPluginJar : add tsc
2025-08-20 09:51:03,919 [INFO] IPUIPlugin:80 - create IPUIPlugin
2025-08-20 09:51:03,919 [INFO] PluginManager:220 - loadIPPluginJar : add ucpd
2025-08-20 09:51:03,920 [INFO] IPUIPlugin:80 - create IPUIPlugin
2025-08-20 09:51:03,921 [INFO] PluginManager:220 - loadIPPluginJar : add usart
2025-08-20 09:51:03,922 [INFO] IPUIPlugin:80 - create IPUIPlugin
2025-08-20 09:51:03,922 [INFO] PluginManager:220 - loadIPPluginJar : add usbx
2025-08-20 09:51:04,039 [FATAL] Updater:351 - Updater called before beeing initialized
2025-08-20 09:51:04,063 [INFO] RulesReader:64 - Compatibility file has been processed (317 Rules)
2025-08-20 09:51:04,070 [INFO] RulesReader:64 - Compatibility file has been processed (317 Rules)
2025-08-20 09:51:04,077 [INFO] CADModel:165 - CPN selected for project level
2025-08-20 09:51:04,077 [INFO] CADModel:114 - Register for checkConnection events
2025-08-20 09:51:04,077 [FATAL] Updater:351 - Updater called before beeing initialized
2025-08-20 09:51:04,077 [ERROR] CADModel:125 - Updater not yet initialized, retry later 
2025-08-20 09:51:04,179 [FATAL] Updater:351 - Updater called before beeing initialized
2025-08-20 09:51:04,180 [INFO] CADModel:165 - CPN selected for project level
2025-08-20 09:51:04,180 [INFO] CADModel:114 - Register for checkConnection events
2025-08-20 09:51:04,180 [FATAL] Updater:351 - Updater called before beeing initialized
2025-08-20 09:51:04,181 [ERROR] CADModel:125 - Updater not yet initialized, retry later 
2025-08-20 09:51:04,183 [FATAL] Updater:351 - Updater called before beeing initialized
2025-08-20 09:51:04,267 [FATAL] Updater:351 - Updater called before beeing initialized
2025-08-20 09:51:04,272 [INFO] DbMcusAds:53 - JSON generation date=Tue Jul 08 13:44:23 IST 2025 (1751962463582)
2025-08-20 09:51:04,272 [FATAL] Updater:351 - Updater called before beeing initialized
2025-08-20 09:51:04,298 [WARN] DetailPanel:346 - Failed to get advertising image, set to default
2025-08-20 09:51:04,362 [FATAL] Updater:351 - Updater called before beeing initialized
2025-08-20 09:51:04,364 [FATAL] Updater:351 - Updater called before beeing initialized
2025-08-20 09:51:04,364 [FATAL] Updater:351 - Updater called before beeing initialized
2025-08-20 09:51:04,364 [WARN] DetailPanel:346 - Failed to get advertising image, set to default
2025-08-20 09:51:04,364 [FATAL] Updater:351 - Updater called before beeing initialized
2025-08-20 09:51:04,398 [ERROR] Updater:1198 - MainUpdater not yet initialized. External WinMGr cannot be set.
2025-08-20 09:51:04,402 [INFO] Updater:1134 - Updater Version found : 6.15.0
2025-08-20 09:51:04,413 [INFO] ApplicationProperties:184 - Using Application install path: C:\ST\STM32CubeIDE_1.19.0\STM32CubeIDE\plugins\com.st.stm32cube.common.mx_6.15.0.202507011659
2025-08-20 09:51:05,984 [ERROR] LogOutputStream:75 - [STDERR_REDIRECT] Aug 20, 2025 9:51:05 AM java.util.prefs.WindowsPreferences <init>
2025-08-20 09:51:05,987 [ERROR] LogOutputStream:75 - [STDERR_REDIRECT] WARNING: Could not open/create prefs root node Software\JavaSoft\Prefs at root 0xffffffff80000002. Windows RegCreateKeyEx(...) returned error code 5.
2025-08-20 09:51:05,987 [ERROR] LogOutputStream:75 - [STDERR_REDIRECT] 
2025-08-20 09:51:06,327 [INFO] MainUpdater:2872 - connection check result : 10
2025-08-20 09:51:06,328 [INFO] MainUpdater:289 - Updater Check For Update Now.
2025-08-20 09:51:06,328 [INFO] MicroXplorer:498 - Change Database Version : DB.6.0.150
2025-08-20 09:51:06,332 [INFO] McuFinderGlobals:63 - Set McuFinder mode to 2 (CubeIDE integrated)
2025-08-20 09:51:06,332 [INFO] UserAuth:487 - Internet connection configuration mode: 1
2025-08-20 09:51:06,373 [INFO] JxBrowserEngine:152 - Initiate JxBrowser Engine with user profile folder
2025-08-20 09:51:06,435 [WARN] MainUpdater:1193 - Updater busy. Cannot search thirdparties
2025-08-20 09:51:06,435 [INFO] ThirdPartyUpdaterWithRetryManager:96 - Updater plugin is busy. [1/15]
2025-08-20 09:51:06,510 [INFO] CheckServerUpdateThread:120 - End of CheckServer Thread
2025-08-20 09:51:06,887 [INFO] WebApp:169 - Instantiating new browser for Auth
2025-08-20 09:51:07,400 [INFO] WebApp:463 - Apply proxy settings
2025-08-20 09:51:07,400 [INFO] WebApp:548 - Chromium requires no authentication
2025-08-20 09:51:07,406 [INFO] WebApp:491 - Direct internet connection detected
2025-08-20 09:51:07,425 [INFO] WebApp:900 - Register for checkConnection events
2025-08-20 09:51:07,425 [INFO] WebApp:463 - Apply proxy settings
2025-08-20 09:51:07,425 [INFO] WebApp:548 - Chromium requires no authentication
2025-08-20 09:51:07,426 [INFO] WebApp:491 - Direct internet connection detected
2025-08-20 09:51:07,526 [INFO] WebApp:225 - Starting web application
2025-08-20 09:51:07,526 [INFO] WebApp:593 - Web application path used C:\ST\STM32CubeIDE_1.19.0\STM32CubeIDE\plugins\com.st.stm32cube.common.mx_6.15.0.202507011659\db\plugins\mcufinder\reactClient1\index.html
2025-08-20 09:51:07,589 [INFO] UserAuth:487 - Internet connection configuration mode: 1
2025-08-20 09:51:07,746 [INFO] WebApp:191 - Connection restablished
2025-08-20 09:51:08,670 [ERROR] LogOutputStream:75 - [STDERR_REDIRECT] [Fatal Error] :1:1: Premature end of file.
2025-08-20 09:51:08,671 [ERROR] LogOutputStream:75 - [STDERR_REDIRECT] 
2025-08-20 09:51:09,648 [WARN] PackLoader:240 - Cannot read IP mode file for STMicroelectronics.FP-SNS-MOTENVWB1.1.4.0
2025-08-20 09:51:09,659 [WARN] PackLoader:240 - Cannot read IP mode file for STMicroelectronics.FP-ATR-ASTRA1.2.0.2
2025-08-20 09:51:09,662 [ERROR] LogOutputStream:75 - [STDERR_REDIRECT] [Fatal Error] :1:1: Premature end of file.
2025-08-20 09:51:09,663 [ERROR] LogOutputStream:75 - [STDERR_REDIRECT] 
2025-08-20 09:51:09,672 [WARN] PackLoader:240 - Cannot read IP mode file for STMicroelectronics.X-CUBE-SMBUS.2.1.0
2025-08-20 09:51:09,676 [WARN] PackLoader:240 - Cannot read IP mode file for STMicroelectronics.X-CUBE-ST60.1.0.0
2025-08-20 09:51:09,700 [WARN] PackLoader:240 - Cannot read IP mode file for STMicroelectronics.X-CUBE-AZRTOS-F7.1.1.0
2025-08-20 09:51:09,730 [WARN] PackLoader:240 - Cannot read IP mode file for Infineon.AIROC-Wi-Fi-Bluetooth-STM32.1.7.1
2025-08-20 09:51:09,762 [WARN] PackLoader:240 - Cannot read IP mode file for STMicroelectronics.X-CUBE-AZRTOS-H7.3.4.0
2025-08-20 09:51:09,772 [WARN] PackLoader:240 - Cannot read IP mode file for STMicroelectronics.X-CUBE-DISPLAY.3.0.0
2025-08-20 09:51:09,782 [WARN] PackLoader:240 - Cannot read IP mode file for STMicroelectronics.X-CUBE-NFC10.1.0.0
2025-08-20 09:51:09,787 [WARN] PackLoader:240 - Cannot read IP mode file for emotas.I-CUBE-CANOPEN.1.3.0
2025-08-20 09:51:09,792 [WARN] PackLoader:240 - Cannot read IP mode file for STMicroelectronics.FP-SNS-STBOX1.2.1.0
2025-08-20 09:51:09,796 [WARN] PackLoader:240 - Cannot read IP mode file for STMicroelectronics.FP-SNS-SMARTAG2.1.2.0
2025-08-20 09:51:09,800 [WARN] PackLoader:240 - Cannot read IP mode file for STMicroelectronics.FP-SNS-FLIGHT1.5.1.0
2025-08-20 09:51:09,809 [INFO] LogOutputStream:77 - [STDOUT_REDIRECT] 1 : Invalid condition id : UX_CORESTACK_Condition cause : null
2025-08-20 09:51:09,809 [INFO] LogOutputStream:77 - [STDOUT_REDIRECT] 1 : Invalid condition id : UX_CORESTACK_Condition cause : null
2025-08-20 09:51:09,809 [INFO] LogOutputStream:77 - [STDOUT_REDIRECT] 1 : Invalid condition id : UX_CORESTACK_Condition cause : null
2025-08-20 09:51:09,810 [INFO] LogOutputStream:77 - [STDOUT_REDIRECT] 1 : Invalid condition id : UX_CORESTACK_Condition cause : null
2025-08-20 09:51:09,811 [INFO] LogOutputStream:77 - [STDOUT_REDIRECT] 1 : Invalid condition id : UX_CORESTACK_Condition cause : null
2025-08-20 09:51:09,822 [WARN] PackLoader:240 - Cannot read IP mode file for STMicroelectronics.X-CUBE-AZRTOS-WL.2.0.0
2025-08-20 09:51:09,827 [WARN] PackLoader:240 - Cannot read IP mode file for STMicroelectronics.FP-SNS-MOTENV1.5.0.0
2025-08-20 09:51:09,838 [WARN] PackLoader:240 - Cannot read IP mode file for WES.I-CUBE-Cesium.1.3.0
2025-08-20 09:51:09,842 [WARN] PackLoader:240 - Cannot read IP mode file for STMicroelectronics.X-CUBE-BLE2.3.3.0
2025-08-20 09:51:09,848 [WARN] PackLoader:240 - Cannot read IP mode file for STMicroelectronics.X-CUBE-NFC9.1.0.0
2025-08-20 09:51:09,854 [WARN] PackLoader:240 - Cannot read IP mode file for wolfSSL.I-CUBE-wolfSSL.5.8.2
2025-08-20 09:51:09,857 [WARN] PackLoader:240 - Cannot read IP mode file for STMicroelectronics.X-CUBE-BLE1.7.1.0
2025-08-20 09:51:09,860 [WARN] PackLoader:240 - Cannot read IP mode file for wolfSSL.I-CUBE-wolfMQTT.1.19.2
2025-08-20 09:51:09,864 [WARN] PackLoader:240 - Cannot read IP mode file for STMicroelectronics.X-CUBE-EEPRMA1.5.2.0
2025-08-20 09:51:09,874 [WARN] PackLoader:240 - Cannot read IP mode file for STMicroelectronics.X-CUBE-AZRTOS-G0.1.1.0
2025-08-20 09:51:09,879 [WARN] PackLoader:240 - Cannot read IP mode file for STMicroelectronics.X-CUBE-SAFEA1.1.2.2
2025-08-20 09:51:09,883 [WARN] PackLoader:240 - Cannot read IP mode file for STMicroelectronics.X-CUBE-NFC4.3.0.0
2025-08-20 09:51:09,888 [WARN] PackLoader:240 - Cannot read IP mode file for STMicroelectronics.X-CUBE-WB05N.2.0.0
2025-08-20 09:51:09,892 [WARN] PackLoader:240 - Cannot read IP mode file for wolfSSL.I-CUBE-wolfTPM.3.8.0
2025-08-20 09:51:09,896 [WARN] PackLoader:240 - Cannot read IP mode file for STMicroelectronics.X-CUBE-TCPP.4.2.0
2025-08-20 09:51:09,901 [WARN] PackLoader:240 - Cannot read IP mode file for RealThread.X-CUBE-RT-Thread_Nano.4.1.1
2025-08-20 09:51:09,905 [WARN] PackLoader:240 - Cannot read IP mode file for STMicroelectronics.FP-ATR-SIGFOX1.3.2.0
2025-08-20 09:51:09,909 [WARN] PackLoader:240 - Cannot read IP mode file for ITTIA_DB.I-CUBE-ITTIADB.8.9.0
2025-08-20 09:51:09,915 [WARN] PackLoader:240 - Cannot read IP mode file for STMicroelectronics.X-CUBE-ST67W61.1.0.0
2025-08-20 09:51:09,918 [WARN] PackLoader:240 - Cannot read IP mode file for STMicroelectronics.X-CUBE-AI.10.2.0
2025-08-20 09:51:09,933 [WARN] PackLoader:240 - Cannot read IP mode file for SEGGER.I-CUBE-embOS.1.3.1
2025-08-20 09:51:09,955 [WARN] PackLoader:240 - Cannot read IP mode file for STMicroelectronics.X-CUBE-ALGOBUILD.1.4.0
2025-08-20 09:51:09,986 [WARN] PackLoader:240 - Cannot read IP mode file for STMicroelectronics.X-CUBE-MEMS1.11.3.0
2025-08-20 09:51:10,101 [WARN] PackLoader:240 - Cannot read IP mode file for STMicroelectronics.X-CUBE-PM33A1.1.0.0
2025-08-20 09:51:10,110 [WARN] PackLoader:240 - Cannot read IP mode file for STMicroelectronics.X-CUBE-AZRTOS-F4.1.1.0
2025-08-20 09:51:10,114 [WARN] PackLoader:240 - Cannot read IP mode file for Avnet-IotConnect.X-CUBE-IoTC-DA16k-PMOD.1.0.0
2025-08-20 09:51:10,117 [WARN] PackLoader:240 - Cannot read IP mode file for STMicroelectronics.X-CUBE-ISPU.2.1.0
2025-08-20 09:51:10,122 [WARN] PackLoader:240 - Cannot read IP mode file for STMicroelectronics.X-CUBE-NFC12.1.0.0
2025-08-20 09:51:10,130 [WARN] PackLoader:240 - Cannot read IP mode file for STMicroelectronics.X-CUBE-AZRTOS-L5.2.0.0
2025-08-20 09:51:10,137 [WARN] PackLoader:240 - Cannot read IP mode file for STMicroelectronics.X-CUBE-NFC6.3.1.0
2025-08-20 09:51:10,142 [WARN] PackLoader:240 - Cannot read IP mode file for STMicroelectronics.X-CUBE-FREERTOS.1.3.1
2025-08-20 09:51:10,146 [WARN] PackLoader:240 - Cannot read IP mode file for STMicroelectronics.FP-SNS-STAIOTCFT.1.0.0
2025-08-20 09:51:10,150 [WARN] PackLoader:240 - Cannot read IP mode file for STMicroelectronics.X-CUBE-DPower.1.3.0
2025-08-20 09:51:10,160 [WARN] ConditionMgr:438 - getConditionDescription Invalid condition id : LAN8742 Phy interface Condition cause : null
2025-08-20 09:51:10,161 [WARN] PackLoader:240 - Cannot read IP mode file for STMicroelectronics.X-CUBE-AZRTOS-L4.2.0.0
2025-08-20 09:51:10,162 [WARN] ConditionMgr:1044 - genDependencies : Invalid condition id : LAN8742 Phy interface Condition cause : null
2025-08-20 09:51:10,162 [WARN] ConditionMgr:1044 - genDependencies : Invalid condition id : LAN8742 Phy interface Condition cause : null
2025-08-20 09:51:10,162 [WARN] ConditionMgr:1044 - genDependencies : Invalid condition id : LAN8742 Phy interface Condition cause : null
2025-08-20 09:51:10,172 [WARN] PackLoader:240 - Cannot read IP mode file for STMicroelectronics.X-CUBE-SFXS2LP1.4.0.0
2025-08-20 09:51:10,178 [WARN] PackLoader:240 - Cannot read IP mode file for STMicroelectronics.X-CUBE-BLEMGR.4.1.0
2025-08-20 09:51:10,189 [WARN] ConditionMgr:438 - getConditionDescription Invalid condition id : UX DEVICE CLASS RTOS Condition cause : null
2025-08-20 09:51:10,189 [WARN] ConditionMgr:438 - getConditionDescription Invalid condition id : UX DEVICE CLASS RTOS Condition cause : null
2025-08-20 09:51:10,190 [WARN] PackLoader:240 - Cannot read IP mode file for STMicroelectronics.X-CUBE-AZRTOS-WB.2.0.0
2025-08-20 09:51:10,190 [WARN] ConditionMgr:1044 - genDependencies : Invalid condition id : UX DEVICE CLASS RTOS Condition cause : null
2025-08-20 09:51:10,190 [WARN] ConditionMgr:1044 - genDependencies : Invalid condition id : UX DEVICE CLASS RTOS Condition cause : null
2025-08-20 09:51:10,191 [WARN] ConditionMgr:1044 - genDependencies : Invalid condition id : UX DEVICE CLASS RTOS Condition cause : null
2025-08-20 09:51:10,191 [WARN] ConditionMgr:1044 - genDependencies : Invalid condition id : UX DEVICE CLASS RTOS Condition cause : null
2025-08-20 09:51:10,191 [WARN] ConditionMgr:1044 - genDependencies : Invalid condition id : UX DEVICE CLASS RTOS Condition cause : null
2025-08-20 09:51:10,194 [WARN] PackLoader:240 - Cannot read IP mode file for STMicroelectronics.X-CUBE-GNSS1.7.0.1
2025-08-20 09:51:10,200 [WARN] PackLoader:240 - Cannot read IP mode file for STMicroelectronics.X-CUBE-TOUCHGFX.4.25.0
2025-08-20 09:51:10,205 [WARN] ConditionMgr:438 - getConditionDescription Invalid condition id : Cortex-A Device cause : null
2025-08-20 09:51:10,215 [WARN] ConditionMgr:1044 - genDependencies : Invalid condition id : Cortex-A Device cause : null
2025-08-20 09:51:10,215 [WARN] ConditionMgr:1044 - genDependencies : Invalid condition id : Cortex-A Device cause : null
2025-08-20 09:51:10,215 [WARN] ConditionMgr:1044 - genDependencies : Invalid condition id : Cortex-A Device cause : null
2025-08-20 09:51:10,222 [WARN] PackLoader:240 - Cannot read IP mode file for STMicroelectronics.X-CUBE-SUBG2.5.0.0
2025-08-20 09:51:10,238 [WARN] PackLoader:240 - Cannot read IP mode file for STMicroelectronics.X-CUBE-AZRTOS-H7RS.1.1.0
2025-08-20 09:51:10,242 [WARN] PackLoader:240 - Cannot read IP mode file for Cesanta.I-CUBE-Mongoose.7.13.0
2025-08-20 09:51:10,249 [WARN] PackLoader:240 - Cannot read IP mode file for STMicroelectronics.X-CUBE-AZRTOS-G4.2.0.0
2025-08-20 09:51:10,254 [WARN] PackLoader:240 - Cannot read IP mode file for wolfSSL.I-CUBE-wolfSSH.1.4.20
2025-08-20 09:51:10,257 [WARN] PackLoader:240 - Cannot read IP mode file for STMicroelectronics.X-CUBE-NFC7.2.0.0
2025-08-20 09:51:10,265 [WARN] PackLoader:240 - Cannot read IP mode file for STMicroelectronics.X-CUBE-IPS.3.1.0
2025-08-20 09:51:10,275 [WARN] PackLoader:240 - Cannot read IP mode file for STMicroelectronics.X-CUBE-ALS.1.0.2
2025-08-20 09:51:10,278 [WARN] PackLoader:240 - Cannot read IP mode file for portGmbH.I-Cube-SoM-uGOAL.1.1.0
2025-08-20 09:51:10,288 [WARN] PackLoader:240 - Cannot read IP mode file for STMicroelectronics.X-CUBE-TOF1.3.4.3
2025-08-20 09:51:10,295 [INFO] ThirdParty:978 - Integrity check success = true
2025-08-20 09:51:10,295 [INFO] IntegrityCheckThread:100 - exiting critical section [integrity check]
2025-08-20 09:51:10,295 [INFO] IntegrityCheckThread:103 - End integrity checks thread
2025-08-20 09:51:10,685 [ERROR] LogOutputStream:75 - [STDERR_REDIRECT] [Fatal Error] :1:1: Premature end of file.
2025-08-20 09:51:10,686 [ERROR] LogOutputStream:75 - [STDERR_REDIRECT] 
2025-08-20 09:51:11,663 [ERROR] LogOutputStream:75 - [STDERR_REDIRECT] [Fatal Error] :1:1: Premature end of file.
2025-08-20 09:51:11,664 [ERROR] LogOutputStream:75 - [STDERR_REDIRECT] 
2025-08-20 09:51:12,662 [ERROR] LogOutputStream:75 - [STDERR_REDIRECT] [Fatal Error] :1:1: Premature end of file.
2025-08-20 09:51:12,662 [ERROR] LogOutputStream:75 - [STDERR_REDIRECT] 
2025-08-20 09:51:13,664 [ERROR] LogOutputStream:75 - [STDERR_REDIRECT] [Fatal Error] :1:1: Premature end of file.
2025-08-20 09:51:13,665 [ERROR] LogOutputStream:75 - [STDERR_REDIRECT] 
2025-08-20 09:51:14,670 [ERROR] LogOutputStream:75 - [STDERR_REDIRECT] [Fatal Error] :1:1: Premature end of file.
2025-08-20 09:51:14,670 [ERROR] LogOutputStream:75 - [STDERR_REDIRECT] 
2025-08-20 09:51:15,670 [ERROR] LogOutputStream:75 - [STDERR_REDIRECT] [Fatal Error] :1:1: Premature end of file.
2025-08-20 09:51:15,670 [ERROR] LogOutputStream:75 - [STDERR_REDIRECT] 
2025-08-20 09:51:16,677 [ERROR] LogOutputStream:75 - [STDERR_REDIRECT] [Fatal Error] :1:1: Premature end of file.
2025-08-20 09:51:16,677 [ERROR] LogOutputStream:75 - [STDERR_REDIRECT] 
2025-08-20 09:51:17,664 [ERROR] LogOutputStream:75 - [STDERR_REDIRECT] [Fatal Error] :1:1: Premature end of file.
2025-08-20 09:51:17,664 [ERROR] LogOutputStream:75 - [STDERR_REDIRECT] 
2025-08-20 09:51:18,671 [ERROR] LogOutputStream:75 - [STDERR_REDIRECT] [Fatal Error] :1:1: Premature end of file.
2025-08-20 09:51:18,671 [ERROR] LogOutputStream:75 - [STDERR_REDIRECT] 
2025-08-20 09:51:19,674 [ERROR] LogOutputStream:75 - [STDERR_REDIRECT] [Fatal Error] :1:1: Premature end of file.
2025-08-20 09:51:19,675 [ERROR] LogOutputStream:75 - [STDERR_REDIRECT] 
2025-08-20 09:51:20,672 [ERROR] LogOutputStream:75 - [STDERR_REDIRECT] [Fatal Error] :1:1: Premature end of file.
2025-08-20 09:51:20,672 [ERROR] LogOutputStream:75 - [STDERR_REDIRECT] 
2025-08-20 09:51:21,673 [ERROR] LogOutputStream:75 - [STDERR_REDIRECT] [Fatal Error] :1:1: Premature end of file.
2025-08-20 09:51:21,674 [ERROR] LogOutputStream:75 - [STDERR_REDIRECT] 
2025-08-20 09:51:22,616 [ERROR] LogOutputStream:75 - [STDERR_REDIRECT] 
2025-08-20 10:08:25,337 [INFO] Activator:176 - 


2025-08-20 10:08:25,337 [INFO] Activator:177 - !SESSION log4j initialized
2025-08-20 10:08:28,461 [INFO] LogOutputStream:77 - [STDOUT_REDIRECT] 
2025-08-20 10:08:30,129 [INFO] ApplicationProperties:184 - Using Application install path: C:\ST\STM32CubeIDE_1.19.0\STM32CubeIDE\plugins\com.st.stm32cube.common.mx_6.15.0.202507011659
2025-08-20 10:08:30,150 [INFO] DbMcusXml:78 - Set database path to: C:\ST\STM32CubeIDE_1.19.0\STM32CubeIDE\plugins\com.st.stm32cube.common.mx_6.15.0.202507011659\\db\/mcu/
2025-08-20 10:08:30,151 [INFO] ApiDb:274 - Set plugin database path to: C:\ST\STM32CubeIDE_1.19.0\STM32CubeIDE\plugins\com.st.stm32cube.common.mx_6.15.0.202507011659\\db\/plugins/boardmanager/
2025-08-20 10:08:30,151 [WARN] ApiDb:259 - Overriding images path with different value:  => C:\ST\STM32CubeIDE_1.19.0\STM32CubeIDE\plugins\com.st.stm32cube.common.mx_6.15.0.202507011659\\db\/plugins/mcufinder/images/
2025-08-20 10:08:30,159 [INFO] ApiDb:250 - Set database path to: C:\Users\VINOD\.stmcufinder\plugins\mcufinder//mcu/
2025-08-20 10:08:30,160 [INFO] DbMcusAds:125 - Set database path to: C:\Users\VINOD\.stmcufinder\plugins\mcufinder//mcu/
2025-08-20 10:08:30,163 [INFO] CrossReferenceDbSqlite:203 - Set database path to: C:\Users\VINOD\.stmcufinder\plugins\mcufinder//mcu/cs/
2025-08-20 10:08:30,271 [INFO] RulesReader:64 - Compatibility file has been processed (317 Rules)
2025-08-20 10:08:30,347 [INFO] DbMcusXml:78 - Set database path to: C:\ST\STM32CubeIDE_1.19.0\STM32CubeIDE\plugins\com.st.stm32cube.common.mx_6.15.0.202507011659\\db\/mcu/
2025-08-20 10:08:30,347 [INFO] ApiDb:274 - Set plugin database path to: C:\ST\STM32CubeIDE_1.19.0\STM32CubeIDE\plugins\com.st.stm32cube.common.mx_6.15.0.202507011659\\db\/plugins/boardmanager/
2025-08-20 10:08:30,347 [INFO] ApiDb:261 - Set plugin images path to: C:\ST\STM32CubeIDE_1.19.0\STM32CubeIDE\plugins\com.st.stm32cube.common.mx_6.15.0.202507011659\\db\/plugins/mcufinder/images/
2025-08-20 10:08:30,347 [WARN] DbFile:41 - Overriding database path with different value: C:\Users\VINOD\.stmcufinder\plugins\mcufinder/ => C:\Users\VINOD\.stmcufinder\plugins\mcufinder
2025-08-20 10:08:30,347 [INFO] ApiDb:250 - Set database path to: C:\Users\VINOD\.stmcufinder\plugins\mcufinder//mcu/
2025-08-20 10:08:30,347 [WARN] DbFile:41 - Overriding database path with different value: C:\Users\VINOD\.stmcufinder\plugins\mcufinder/ => C:\Users\VINOD\.stmcufinder\plugins\mcufinder
2025-08-20 10:08:30,348 [INFO] DbMcusAds:125 - Set database path to: C:\Users\VINOD\.stmcufinder\plugins\mcufinder//mcu/
2025-08-20 10:08:30,348 [WARN] DbFile:41 - Overriding database path with different value: C:\Users\VINOD\.stmcufinder\plugins\mcufinder/ => C:\Users\VINOD\.stmcufinder\plugins\mcufinder
2025-08-20 10:08:30,348 [WARN] DbFile:41 - Overriding database path with different value: C:\Users\VINOD\.stmcufinder\plugins\mcufinder/ => C:\Users\VINOD\.stmcufinder\plugins\mcufinder
2025-08-20 10:08:30,348 [INFO] CrossReferenceDbSqlite:203 - Set database path to: C:\Users\VINOD\.stmcufinder\plugins\mcufinder//mcu/cs/
2025-08-20 10:08:30,420 [INFO] MainPanel:274 - HeapMemory: 268435456
2025-08-20 10:08:30,492 [INFO] DbMcusXml:78 - Set database path to: C:\ST\STM32CubeIDE_1.19.0\STM32CubeIDE\plugins\com.st.stm32cube.common.mx_6.15.0.202507011659\\db\/mcu/
2025-08-20 10:08:30,492 [INFO] ApiDb:274 - Set plugin database path to: C:\ST\STM32CubeIDE_1.19.0\STM32CubeIDE\plugins\com.st.stm32cube.common.mx_6.15.0.202507011659\\db\/plugins/boardmanager/
2025-08-20 10:08:30,492 [INFO] ApiDb:261 - Set plugin images path to: C:\ST\STM32CubeIDE_1.19.0\STM32CubeIDE\plugins\com.st.stm32cube.common.mx_6.15.0.202507011659\\db\/plugins/mcufinder/images/
2025-08-20 10:08:30,493 [WARN] DbFile:41 - Overriding database path with different value: C:\Users\VINOD\.stmcufinder\plugins\mcufinder/ => C:\Users\VINOD\.stmcufinder\plugins\mcufinder
2025-08-20 10:08:30,493 [INFO] ApiDb:250 - Set database path to: C:\Users\VINOD\.stmcufinder\plugins\mcufinder//mcu/
2025-08-20 10:08:30,493 [WARN] DbFile:41 - Overriding database path with different value: C:\Users\VINOD\.stmcufinder\plugins\mcufinder/ => C:\Users\VINOD\.stmcufinder\plugins\mcufinder
2025-08-20 10:08:30,493 [INFO] DbMcusAds:125 - Set database path to: C:\Users\VINOD\.stmcufinder\plugins\mcufinder//mcu/
2025-08-20 10:08:30,493 [WARN] DbFile:41 - Overriding database path with different value: C:\Users\VINOD\.stmcufinder\plugins\mcufinder/ => C:\Users\VINOD\.stmcufinder\plugins\mcufinder
2025-08-20 10:08:30,493 [WARN] DbFile:41 - Overriding database path with different value: C:\Users\VINOD\.stmcufinder\plugins\mcufinder/ => C:\Users\VINOD\.stmcufinder\plugins\mcufinder
2025-08-20 10:08:30,493 [INFO] CrossReferenceDbSqlite:203 - Set database path to: C:\Users\VINOD\.stmcufinder\plugins\mcufinder//mcu/cs/
2025-08-20 10:08:30,509 [INFO] ApplicationProperties:184 - Using Application install path: C:\ST\STM32CubeIDE_1.19.0\STM32CubeIDE\plugins\com.st.stm32cube.common.mx_6.15.0.202507011659
2025-08-20 10:08:30,510 [INFO] PluginManage:196 - Search for loadable plugins [exclusion list=, ]
2025-08-20 10:08:30,511 [INFO] PluginManage:310 - Check plugin analytics
2025-08-20 10:08:30,727 [INFO] AnalyticsPlugin:253 - Accepted Software Licenses: 
2025-08-20 10:08:30,727 [INFO] AnalyticsPlugin:255 - Accepted CMSIS Pack Licenses: 
2025-08-20 10:08:30,727 [INFO] AnalyticsPlugin:257 - Accepted Firmware Licenses: FW.F4.1.28.0,FW.L4.1.18.0
2025-08-20 10:08:30,730 [INFO] PluginManage:359 - Loaded plugin analytics (category:tool,tabindex:-1)
2025-08-20 10:08:30,730 [INFO] PluginManage:310 - Check plugin cadmodel
2025-08-20 10:08:30,736 [INFO] CADModel:105 - Init CAD model plugin
2025-08-20 10:08:30,736 [INFO] PluginManage:359 - Loaded plugin cadmodel (category:power,tabindex:5)
2025-08-20 10:08:30,736 [INFO] PluginManage:310 - Check plugin clock
2025-08-20 10:08:30,745 [INFO] PluginManage:359 - Loaded plugin clock (category:base,tabindex:2)
2025-08-20 10:08:30,745 [INFO] PluginManage:310 - Check plugin ddr
2025-08-20 10:08:30,747 [INFO] PluginManage:359 - Loaded plugin ddr (category:tool,tabindex:6)
2025-08-20 10:08:30,747 [INFO] PluginManage:310 - Check plugin filemanager
2025-08-20 10:08:30,975 [INFO] PluginManage:359 - Loaded plugin filemanager (category:base,tabindex:10)
2025-08-20 10:08:30,975 [INFO] PluginManage:310 - Check plugin ipmanager
2025-08-20 10:08:30,986 [INFO] PluginManage:359 - Loaded plugin ipmanager (category:base,tabindex:5)
2025-08-20 10:08:30,986 [INFO] PluginManage:310 - Check plugin lpbam
2025-08-20 10:08:30,992 [INFO] PluginManage:359 - Loaded plugin lpbam (category:base,tabindex:0)
2025-08-20 10:08:30,992 [INFO] PluginManage:310 - Check plugin memorymap
2025-08-20 10:08:31,001 [INFO] PluginManage:359 - Loaded plugin memorymap (category:base,tabindex:4)
2025-08-20 10:08:31,001 [INFO] PluginManage:310 - Check plugin pinoutandconfiguration
2025-08-20 10:08:31,006 [INFO] PluginManage:359 - Loaded plugin pinoutandconfiguration (category:base,tabindex:1)
2025-08-20 10:08:31,006 [INFO] PluginManage:310 - Check plugin pinoutconfig
2025-08-20 10:08:31,062 [WARN] SupportedApi:132 - Cannot load RTOS API schema: s4s-elt-must-match.1: The content of 'definitions' must match (annotation?, (simpleType | complexType)?, (unique | key | keyref)*)). A problem was found starting at: attribute.
2025-08-20 10:08:31,145 [INFO] PluginManage:359 - Loaded plugin pinoutconfig (category:base,tabindex:0)
2025-08-20 10:08:31,145 [INFO] PluginManage:310 - Check plugin power
2025-08-20 10:08:31,150 [INFO] PluginManage:359 - Loaded plugin power (category:power,tabindex:4)
2025-08-20 10:08:31,150 [INFO] PluginManage:310 - Check plugin projectmanager
2025-08-20 10:08:31,162 [INFO] PluginManage:359 - Loaded plugin projectmanager (category:projectmanager,tabindex:4)
2025-08-20 10:08:31,162 [INFO] PluginManage:310 - Check plugin rif
2025-08-20 10:08:31,169 [INFO] PluginManage:359 - Loaded plugin rif (category:base,tabindex:3)
2025-08-20 10:08:31,169 [INFO] PluginManage:310 - Check plugin thirdparty
2025-08-20 10:08:31,279 [WARN] IntegrityCheckThread:84 - waiting for thirdparty lock release [integrity check]
2025-08-20 10:08:31,279 [INFO] PluginManage:359 - Loaded plugin thirdparty (category:base,tabindex:-1)
2025-08-20 10:08:31,279 [INFO] IntegrityCheckThread:86 - entering critical section [integrity check]
2025-08-20 10:08:31,280 [INFO] ThirdPartyUpdaterWithRetryManager:70 - Updater plugin not ready yet. [1/15]
2025-08-20 10:08:31,281 [INFO] PluginManage:310 - Check plugin tools
2025-08-20 10:08:31,285 [INFO] PluginManage:359 - Loaded plugin tools (category:base,tabindex:7)
2025-08-20 10:08:31,285 [INFO] PluginManage:310 - Check plugin tutovideos
2025-08-20 10:08:31,415 [INFO] PluginManage:359 - Loaded plugin tutovideos (category:base,tabindex:-1)
2025-08-20 10:08:31,415 [INFO] PluginManage:310 - Check plugin updater
2025-08-20 10:08:31,435 [INFO] PluginManage:359 - Loaded plugin updater (category:base,tabindex:12)
2025-08-20 10:08:31,435 [INFO] PluginManage:310 - Check plugin userauth
2025-08-20 10:08:31,437 [INFO] UserAuth:118 - Init User Auth plugin
2025-08-20 10:08:31,437 [INFO] PluginManage:359 - Loaded plugin userauth (category:base,tabindex:14)
2025-08-20 10:08:31,438 [INFO] PluginManage:283 - PluginManage : Loaded plugins [18]
2025-08-20 10:08:31,621 [INFO] PinOutPanel:1589 - setPackage(No Configuration,No Configuration)
2025-08-20 10:08:31,701 [INFO] CADModel:165 - CPN selected for project level
2025-08-20 10:08:31,701 [INFO] CADModel:114 - Register for checkConnection events
2025-08-20 10:08:31,717 [INFO] IPUIPlugin:80 - create IPUIPlugin
2025-08-20 10:08:31,717 [INFO] PluginManager:220 - loadIPPluginJar : add adc
2025-08-20 10:08:31,721 [INFO] IPUIPlugin:80 - create IPUIPlugin
2025-08-20 10:08:31,721 [INFO] PluginManager:220 - loadIPPluginJar : add aes
2025-08-20 10:08:31,724 [INFO] IPUIPlugin:80 - create IPUIPlugin
2025-08-20 10:08:31,724 [INFO] PluginManager:220 - loadIPPluginJar : add can
2025-08-20 10:08:31,725 [INFO] IPUIPlugin:80 - create IPUIPlugin
2025-08-20 10:08:31,726 [INFO] PluginManager:220 - loadIPPluginJar : add comp
2025-08-20 10:08:31,729 [INFO] IPUIPlugin:80 - create IPUIPlugin
2025-08-20 10:08:31,729 [INFO] PluginManager:220 - loadIPPluginJar : add cryp
2025-08-20 10:08:31,732 [INFO] IPUIPlugin:80 - create IPUIPlugin
2025-08-20 10:08:31,732 [INFO] PluginManager:220 - loadIPPluginJar : add ddr_ctrl_phy
2025-08-20 10:08:31,735 [INFO] IPUIPlugin:80 - create IPUIPlugin
2025-08-20 10:08:31,735 [INFO] PluginManager:220 - loadIPPluginJar : add dfsdm
2025-08-20 10:08:31,741 [INFO] IPUIPlugin:80 - create IPUIPlugin
2025-08-20 10:08:31,741 [INFO] PluginManager:220 - loadIPPluginJar : add dma
2025-08-20 10:08:31,746 [INFO] IPUIPlugin:80 - create IPUIPlugin
2025-08-20 10:08:31,746 [INFO] PluginManager:220 - loadIPPluginJar : add dma3
2025-08-20 10:08:31,749 [INFO] IPUIPlugin:80 - create IPUIPlugin
2025-08-20 10:08:31,749 [INFO] PluginManager:220 - loadIPPluginJar : add extmemmanager
2025-08-20 10:08:31,751 [INFO] IPUIPlugin:80 - create IPUIPlugin
2025-08-20 10:08:31,751 [INFO] PluginManager:220 - loadIPPluginJar : add fatfs
2025-08-20 10:08:31,755 [INFO] IPUIPlugin:80 - create IPUIPlugin
2025-08-20 10:08:31,755 [INFO] PluginManager:220 - loadIPPluginJar : add fmc
2025-08-20 10:08:31,759 [INFO] IPUIPlugin:80 - create IPUIPlugin
2025-08-20 10:08:31,759 [INFO] PluginManager:220 - loadIPPluginJar : add freertos
2025-08-20 10:08:31,761 [INFO] IPUIPlugin:80 - create IPUIPlugin
2025-08-20 10:08:31,761 [INFO] PluginManager:220 - loadIPPluginJar : add genericplugin
2025-08-20 10:08:31,763 [INFO] IPUIPlugin:80 - create IPUIPlugin
2025-08-20 10:08:31,763 [INFO] PluginManager:220 - loadIPPluginJar : add gfxmmu
2025-08-20 10:08:31,767 [INFO] IPUIPlugin:80 - create IPUIPlugin
2025-08-20 10:08:31,768 [INFO] PluginManager:220 - loadIPPluginJar : add gic
2025-08-20 10:08:31,772 [INFO] IPUIPlugin:80 - create IPUIPlugin
2025-08-20 10:08:31,772 [INFO] PluginManager:220 - loadIPPluginJar : add gpio
2025-08-20 10:08:31,774 [INFO] IPUIPlugin:80 - create IPUIPlugin
2025-08-20 10:08:31,774 [INFO] PluginManager:220 - loadIPPluginJar : add gtzc
2025-08-20 10:08:31,777 [INFO] IPUIPlugin:80 - create IPUIPlugin
2025-08-20 10:08:31,777 [INFO] PluginManager:220 - loadIPPluginJar : add hash
2025-08-20 10:08:31,779 [INFO] IPUIPlugin:80 - create IPUIPlugin
2025-08-20 10:08:31,779 [INFO] PluginManager:220 - loadIPPluginJar : add i2c
2025-08-20 10:08:31,782 [INFO] IPUIPlugin:80 - create IPUIPlugin
2025-08-20 10:08:31,782 [INFO] PluginManager:220 - loadIPPluginJar : add i2s
2025-08-20 10:08:31,785 [INFO] IPUIPlugin:80 - create IPUIPlugin
2025-08-20 10:08:31,785 [INFO] PluginManager:220 - loadIPPluginJar : add i3c
2025-08-20 10:08:31,788 [INFO] IPUIPlugin:80 - create IPUIPlugin
2025-08-20 10:08:31,789 [INFO] PluginManager:220 - loadIPPluginJar : add ipddr
2025-08-20 10:08:31,795 [INFO] IPUIPlugin:80 - create IPUIPlugin
2025-08-20 10:08:31,795 [INFO] PluginManager:220 - loadIPPluginJar : add linkedlist
2025-08-20 10:08:31,798 [INFO] IPUIPlugin:80 - create IPUIPlugin
2025-08-20 10:08:31,798 [INFO] PluginManager:220 - loadIPPluginJar : add lorawan
2025-08-20 10:08:31,799 [INFO] IPUIPlugin:80 - create IPUIPlugin
2025-08-20 10:08:31,799 [INFO] PluginManager:220 - loadIPPluginJar : add ltdc
2025-08-20 10:08:31,807 [INFO] IPUIPlugin:80 - create IPUIPlugin
2025-08-20 10:08:31,807 [INFO] PluginManager:220 - loadIPPluginJar : add mdma
2025-08-20 10:08:31,813 [INFO] IPUIPlugin:80 - create IPUIPlugin
2025-08-20 10:08:31,813 [INFO] PluginManager:220 - loadIPPluginJar : add nvic
2025-08-20 10:08:31,818 [INFO] IPUIPlugin:80 - create IPUIPlugin
2025-08-20 10:08:31,818 [INFO] PluginManager:220 - loadIPPluginJar : add opamp
2025-08-20 10:08:31,820 [INFO] IPUIPlugin:80 - create IPUIPlugin
2025-08-20 10:08:31,821 [INFO] PluginManager:220 - loadIPPluginJar : add openamp
2025-08-20 10:08:31,823 [INFO] IPUIPlugin:80 - create IPUIPlugin
2025-08-20 10:08:31,823 [INFO] PluginManager:220 - loadIPPluginJar : add pdm2pcm
2025-08-20 10:08:31,827 [INFO] IPUIPlugin:80 - create IPUIPlugin
2025-08-20 10:08:31,829 [INFO] PluginManager:220 - loadIPPluginJar : add plateformsettings
2025-08-20 10:08:31,830 [INFO] IPUIPlugin:80 - create IPUIPlugin
2025-08-20 10:08:31,830 [INFO] PluginManager:220 - loadIPPluginJar : add quadspi
2025-08-20 10:08:31,832 [INFO] IPUIPlugin:80 - create IPUIPlugin
2025-08-20 10:08:31,832 [INFO] PluginManager:220 - loadIPPluginJar : add radio
2025-08-20 10:08:31,835 [INFO] IPUIPlugin:80 - create IPUIPlugin
2025-08-20 10:08:31,835 [INFO] PluginManager:220 - loadIPPluginJar : add resmgrutility
2025-08-20 10:08:31,837 [INFO] IPUIPlugin:80 - create IPUIPlugin
2025-08-20 10:08:31,837 [INFO] PluginManager:220 - loadIPPluginJar : add sai
2025-08-20 10:08:31,838 [INFO] IPUIPlugin:80 - create IPUIPlugin
2025-08-20 10:08:31,838 [INFO] PluginManager:220 - loadIPPluginJar : add spi
2025-08-20 10:08:31,842 [INFO] IPUIPlugin:80 - create IPUIPlugin
2025-08-20 10:08:31,843 [INFO] PluginManager:220 - loadIPPluginJar : add stm32_wpan
2025-08-20 10:08:31,844 [INFO] IPUIPlugin:80 - create IPUIPlugin
2025-08-20 10:08:31,844 [INFO] PluginManager:220 - loadIPPluginJar : add tim
2025-08-20 10:08:31,848 [INFO] IPUIPlugin:80 - create IPUIPlugin
2025-08-20 10:08:31,849 [INFO] PluginManager:220 - loadIPPluginJar : add touchsensing
2025-08-20 10:08:31,851 [INFO] IPUIPlugin:80 - create IPUIPlugin
2025-08-20 10:08:31,851 [INFO] PluginManager:220 - loadIPPluginJar : add tracer_emb
2025-08-20 10:08:31,853 [INFO] IPUIPlugin:80 - create IPUIPlugin
2025-08-20 10:08:31,853 [INFO] PluginManager:220 - loadIPPluginJar : add ts
2025-08-20 10:08:31,854 [INFO] IPUIPlugin:80 - create IPUIPlugin
2025-08-20 10:08:31,854 [INFO] PluginManager:220 - loadIPPluginJar : add tsc
2025-08-20 10:08:31,856 [INFO] IPUIPlugin:80 - create IPUIPlugin
2025-08-20 10:08:31,856 [INFO] PluginManager:220 - loadIPPluginJar : add ucpd
2025-08-20 10:08:31,858 [INFO] IPUIPlugin:80 - create IPUIPlugin
2025-08-20 10:08:31,858 [INFO] PluginManager:220 - loadIPPluginJar : add usart
2025-08-20 10:08:31,859 [INFO] IPUIPlugin:80 - create IPUIPlugin
2025-08-20 10:08:31,859 [INFO] PluginManager:220 - loadIPPluginJar : add usbx
2025-08-20 10:08:31,998 [FATAL] Updater:351 - Updater called before beeing initialized
2025-08-20 10:08:32,036 [INFO] RulesReader:64 - Compatibility file has been processed (317 Rules)
2025-08-20 10:08:32,049 [INFO] RulesReader:64 - Compatibility file has been processed (317 Rules)
2025-08-20 10:08:32,062 [INFO] CADModel:165 - CPN selected for project level
2025-08-20 10:08:32,063 [INFO] CADModel:114 - Register for checkConnection events
2025-08-20 10:08:32,063 [FATAL] Updater:351 - Updater called before beeing initialized
2025-08-20 10:08:32,063 [ERROR] CADModel:125 - Updater not yet initialized, retry later 
2025-08-20 10:08:32,176 [FATAL] Updater:351 - Updater called before beeing initialized
2025-08-20 10:08:32,181 [INFO] CADModel:165 - CPN selected for project level
2025-08-20 10:08:32,181 [INFO] CADModel:114 - Register for checkConnection events
2025-08-20 10:08:32,181 [FATAL] Updater:351 - Updater called before beeing initialized
2025-08-20 10:08:32,181 [ERROR] CADModel:125 - Updater not yet initialized, retry later 
2025-08-20 10:08:32,181 [FATAL] Updater:351 - Updater called before beeing initialized
2025-08-20 10:08:32,275 [FATAL] Updater:351 - Updater called before beeing initialized
2025-08-20 10:08:32,275 [INFO] DbMcusAds:53 - JSON generation date=Tue Jul 08 13:44:23 IST 2025 (1751962463582)
2025-08-20 10:08:32,275 [FATAL] Updater:351 - Updater called before beeing initialized
2025-08-20 10:08:32,307 [WARN] DetailPanel:346 - Failed to get advertising image, set to default
2025-08-20 10:08:32,386 [FATAL] Updater:351 - Updater called before beeing initialized
2025-08-20 10:08:32,388 [FATAL] Updater:351 - Updater called before beeing initialized
2025-08-20 10:08:32,388 [FATAL] Updater:351 - Updater called before beeing initialized
2025-08-20 10:08:32,388 [WARN] DetailPanel:346 - Failed to get advertising image, set to default
2025-08-20 10:08:32,388 [FATAL] Updater:351 - Updater called before beeing initialized
2025-08-20 10:08:32,442 [ERROR] Updater:1198 - MainUpdater not yet initialized. External WinMGr cannot be set.
2025-08-20 10:08:32,444 [INFO] Updater:1134 - Updater Version found : 6.15.0
2025-08-20 10:08:32,456 [INFO] ApplicationProperties:184 - Using Application install path: C:\ST\STM32CubeIDE_1.19.0\STM32CubeIDE\plugins\com.st.stm32cube.common.mx_6.15.0.202507011659
2025-08-20 10:08:34,049 [ERROR] LogOutputStream:75 - [STDERR_REDIRECT] Aug 20, 2025 10:08:34 AM java.util.prefs.WindowsPreferences <init>
2025-08-20 10:08:34,049 [ERROR] LogOutputStream:75 - [STDERR_REDIRECT] WARNING: Could not open/create prefs root node Software\JavaSoft\Prefs at root 0xffffffff80000002. Windows RegCreateKeyEx(...) returned error code 5.
2025-08-20 10:08:34,049 [ERROR] LogOutputStream:75 - [STDERR_REDIRECT] 
2025-08-20 10:08:34,290 [INFO] ThirdPartyUpdaterWithRetryManager:70 - Updater plugin not ready yet. [2/15]
2025-08-20 10:08:34,524 [INFO] MainUpdater:2872 - connection check result : 10
2025-08-20 10:08:34,526 [INFO] MainUpdater:289 - Updater Check For Update Now.
2025-08-20 10:08:34,526 [INFO] MicroXplorer:498 - Change Database Version : DB.6.0.150
2025-08-20 10:08:34,533 [INFO] McuFinderGlobals:63 - Set McuFinder mode to 2 (CubeIDE integrated)
2025-08-20 10:08:34,538 [INFO] UserAuth:487 - Internet connection configuration mode: 1
2025-08-20 10:08:34,577 [INFO] JxBrowserEngine:152 - Initiate JxBrowser Engine with user profile folder
2025-08-20 10:08:34,720 [INFO] CheckServerUpdateThread:120 - End of CheckServer Thread
2025-08-20 10:08:35,153 [INFO] WebApp:169 - Instantiating new browser for Auth
2025-08-20 10:08:35,765 [INFO] WebApp:463 - Apply proxy settings
2025-08-20 10:08:35,765 [INFO] WebApp:548 - Chromium requires no authentication
2025-08-20 10:08:35,778 [INFO] WebApp:491 - Direct internet connection detected
2025-08-20 10:08:35,791 [INFO] WebApp:900 - Register for checkConnection events
2025-08-20 10:08:35,791 [INFO] WebApp:463 - Apply proxy settings
2025-08-20 10:08:35,791 [INFO] WebApp:548 - Chromium requires no authentication
2025-08-20 10:08:35,799 [INFO] WebApp:491 - Direct internet connection detected
2025-08-20 10:08:35,911 [INFO] WebApp:225 - Starting web application
2025-08-20 10:08:35,911 [INFO] WebApp:593 - Web application path used C:\ST\STM32CubeIDE_1.19.0\STM32CubeIDE\plugins\com.st.stm32cube.common.mx_6.15.0.202507011659\db\plugins\mcufinder\reactClient1\index.html
2025-08-20 10:08:36,017 [INFO] UserAuth:487 - Internet connection configuration mode: 1
2025-08-20 10:08:36,089 [INFO] WebApp:191 - Connection restablished
2025-08-20 10:08:37,151 [ERROR] LogOutputStream:75 - [STDERR_REDIRECT] [Fatal Error] :1:1: Premature end of file.
2025-08-20 10:08:37,151 [ERROR] LogOutputStream:75 - [STDERR_REDIRECT] 
2025-08-20 10:08:37,496 [WARN] PackLoader:240 - Cannot read IP mode file for STMicroelectronics.FP-SNS-MOTENVWB1.1.4.0
2025-08-20 10:08:37,518 [WARN] PackLoader:240 - Cannot read IP mode file for STMicroelectronics.FP-ATR-ASTRA1.2.0.2
2025-08-20 10:08:37,546 [WARN] PackLoader:240 - Cannot read IP mode file for STMicroelectronics.X-CUBE-SMBUS.2.1.0
2025-08-20 10:08:37,552 [WARN] PackLoader:240 - Cannot read IP mode file for STMicroelectronics.X-CUBE-ST60.1.0.0
2025-08-20 10:08:37,589 [WARN] PackLoader:240 - Cannot read IP mode file for STMicroelectronics.X-CUBE-AZRTOS-F7.1.1.0
2025-08-20 10:08:37,643 [WARN] PackLoader:240 - Cannot read IP mode file for Infineon.AIROC-Wi-Fi-Bluetooth-STM32.1.7.1
2025-08-20 10:08:37,682 [WARN] PackLoader:240 - Cannot read IP mode file for STMicroelectronics.X-CUBE-AZRTOS-H7.3.4.0
2025-08-20 10:08:37,688 [WARN] PackLoader:240 - Cannot read IP mode file for STMicroelectronics.X-CUBE-DISPLAY.3.0.0
2025-08-20 10:08:37,708 [WARN] PackLoader:240 - Cannot read IP mode file for STMicroelectronics.X-CUBE-NFC10.1.0.0
2025-08-20 10:08:37,716 [WARN] PackLoader:240 - Cannot read IP mode file for emotas.I-CUBE-CANOPEN.1.3.0
2025-08-20 10:08:37,726 [WARN] PackLoader:240 - Cannot read IP mode file for STMicroelectronics.FP-SNS-STBOX1.2.1.0
2025-08-20 10:08:37,732 [WARN] PackLoader:240 - Cannot read IP mode file for STMicroelectronics.FP-SNS-SMARTAG2.1.2.0
2025-08-20 10:08:37,736 [WARN] PackLoader:240 - Cannot read IP mode file for STMicroelectronics.FP-SNS-FLIGHT1.5.1.0
2025-08-20 10:08:37,747 [INFO] LogOutputStream:77 - [STDOUT_REDIRECT] 1 : Invalid condition id : UX_CORESTACK_Condition cause : null
2025-08-20 10:08:37,748 [INFO] LogOutputStream:77 - [STDOUT_REDIRECT] 1 : Invalid condition id : UX_CORESTACK_Condition cause : null
2025-08-20 10:08:37,749 [INFO] LogOutputStream:77 - [STDOUT_REDIRECT] 1 : Invalid condition id : UX_CORESTACK_Condition cause : null
2025-08-20 10:08:37,751 [INFO] LogOutputStream:77 - [STDOUT_REDIRECT] 1 : Invalid condition id : UX_CORESTACK_Condition cause : null
2025-08-20 10:08:37,752 [INFO] LogOutputStream:77 - [STDOUT_REDIRECT] 1 : Invalid condition id : UX_CORESTACK_Condition cause : null
2025-08-20 10:08:37,755 [WARN] PackLoader:240 - Cannot read IP mode file for STMicroelectronics.X-CUBE-AZRTOS-WL.2.0.0
2025-08-20 10:08:37,762 [WARN] PackLoader:240 - Cannot read IP mode file for STMicroelectronics.FP-SNS-MOTENV1.5.0.0
2025-08-20 10:08:37,793 [WARN] PackLoader:240 - Cannot read IP mode file for WES.I-CUBE-Cesium.1.3.0
2025-08-20 10:08:37,797 [WARN] PackLoader:240 - Cannot read IP mode file for STMicroelectronics.X-CUBE-BLE2.3.3.0
2025-08-20 10:08:37,802 [WARN] PackLoader:240 - Cannot read IP mode file for STMicroelectronics.X-CUBE-NFC9.1.0.0
2025-08-20 10:08:37,807 [WARN] PackLoader:240 - Cannot read IP mode file for wolfSSL.I-CUBE-wolfSSL.5.8.2
2025-08-20 10:08:37,811 [WARN] PackLoader:240 - Cannot read IP mode file for STMicroelectronics.X-CUBE-BLE1.7.1.0
2025-08-20 10:08:37,814 [WARN] PackLoader:240 - Cannot read IP mode file for wolfSSL.I-CUBE-wolfMQTT.1.19.2
2025-08-20 10:08:37,819 [WARN] PackLoader:240 - Cannot read IP mode file for STMicroelectronics.X-CUBE-EEPRMA1.5.2.0
2025-08-20 10:08:37,831 [WARN] PackLoader:240 - Cannot read IP mode file for STMicroelectronics.X-CUBE-AZRTOS-G0.1.1.0
2025-08-20 10:08:37,859 [WARN] PackLoader:240 - Cannot read IP mode file for STMicroelectronics.X-CUBE-SAFEA1.1.2.2
2025-08-20 10:08:37,864 [WARN] PackLoader:240 - Cannot read IP mode file for STMicroelectronics.X-CUBE-NFC4.3.0.0
2025-08-20 10:08:37,868 [WARN] PackLoader:240 - Cannot read IP mode file for STMicroelectronics.X-CUBE-WB05N.2.0.0
2025-08-20 10:08:37,872 [WARN] PackLoader:240 - Cannot read IP mode file for wolfSSL.I-CUBE-wolfTPM.3.8.0
2025-08-20 10:08:37,878 [WARN] PackLoader:240 - Cannot read IP mode file for STMicroelectronics.X-CUBE-TCPP.4.2.0
2025-08-20 10:08:37,885 [WARN] PackLoader:240 - Cannot read IP mode file for RealThread.X-CUBE-RT-Thread_Nano.4.1.1
2025-08-20 10:08:37,892 [WARN] PackLoader:240 - Cannot read IP mode file for STMicroelectronics.FP-ATR-SIGFOX1.3.2.0
2025-08-20 10:08:37,897 [WARN] PackLoader:240 - Cannot read IP mode file for ITTIA_DB.I-CUBE-ITTIADB.8.9.0
2025-08-20 10:08:37,906 [WARN] PackLoader:240 - Cannot read IP mode file for STMicroelectronics.X-CUBE-ST67W61.1.0.0
2025-08-20 10:08:37,912 [WARN] PackLoader:240 - Cannot read IP mode file for STMicroelectronics.X-CUBE-AI.10.2.0
2025-08-20 10:08:37,930 [WARN] PackLoader:240 - Cannot read IP mode file for SEGGER.I-CUBE-embOS.1.3.1
2025-08-20 10:08:37,959 [WARN] PackLoader:240 - Cannot read IP mode file for STMicroelectronics.X-CUBE-ALGOBUILD.1.4.0
2025-08-20 10:08:37,986 [WARN] PackLoader:240 - Cannot read IP mode file for STMicroelectronics.X-CUBE-MEMS1.11.3.0
2025-08-20 10:08:38,158 [ERROR] LogOutputStream:75 - [STDERR_REDIRECT] [Fatal Error] :1:1: Premature end of file.
2025-08-20 10:08:38,160 [ERROR] LogOutputStream:75 - [STDERR_REDIRECT] 
2025-08-20 10:08:38,181 [WARN] PackLoader:240 - Cannot read IP mode file for STMicroelectronics.X-CUBE-PM33A1.1.0.0
2025-08-20 10:08:38,192 [WARN] PackLoader:240 - Cannot read IP mode file for STMicroelectronics.X-CUBE-AZRTOS-F4.1.1.0
2025-08-20 10:08:38,196 [WARN] PackLoader:240 - Cannot read IP mode file for Avnet-IotConnect.X-CUBE-IoTC-DA16k-PMOD.1.0.0
2025-08-20 10:08:38,198 [WARN] PackLoader:240 - Cannot read IP mode file for STMicroelectronics.X-CUBE-ISPU.2.1.0
2025-08-20 10:08:38,202 [WARN] PackLoader:240 - Cannot read IP mode file for STMicroelectronics.X-CUBE-NFC12.1.0.0
2025-08-20 10:08:38,213 [WARN] PackLoader:240 - Cannot read IP mode file for STMicroelectronics.X-CUBE-AZRTOS-L5.2.0.0
2025-08-20 10:08:38,218 [WARN] PackLoader:240 - Cannot read IP mode file for STMicroelectronics.X-CUBE-NFC6.3.1.0
2025-08-20 10:08:38,225 [WARN] PackLoader:240 - Cannot read IP mode file for STMicroelectronics.X-CUBE-FREERTOS.1.3.1
2025-08-20 10:08:38,229 [WARN] PackLoader:240 - Cannot read IP mode file for STMicroelectronics.FP-SNS-STAIOTCFT.1.0.0
2025-08-20 10:08:38,233 [WARN] PackLoader:240 - Cannot read IP mode file for STMicroelectronics.X-CUBE-DPower.1.3.0
2025-08-20 10:08:38,243 [WARN] ConditionMgr:438 - getConditionDescription Invalid condition id : LAN8742 Phy interface Condition cause : null
2025-08-20 10:08:38,244 [WARN] PackLoader:240 - Cannot read IP mode file for STMicroelectronics.X-CUBE-AZRTOS-L4.2.0.0
2025-08-20 10:08:38,244 [WARN] ConditionMgr:1044 - genDependencies : Invalid condition id : LAN8742 Phy interface Condition cause : null
2025-08-20 10:08:38,245 [WARN] ConditionMgr:1044 - genDependencies : Invalid condition id : LAN8742 Phy interface Condition cause : null
2025-08-20 10:08:38,245 [WARN] ConditionMgr:1044 - genDependencies : Invalid condition id : LAN8742 Phy interface Condition cause : null
2025-08-20 10:08:38,249 [WARN] PackLoader:240 - Cannot read IP mode file for STMicroelectronics.X-CUBE-SFXS2LP1.4.0.0
2025-08-20 10:08:38,265 [WARN] PackLoader:240 - Cannot read IP mode file for STMicroelectronics.X-CUBE-BLEMGR.4.1.0
2025-08-20 10:08:38,275 [WARN] ConditionMgr:438 - getConditionDescription Invalid condition id : UX DEVICE CLASS RTOS Condition cause : null
2025-08-20 10:08:38,275 [WARN] ConditionMgr:438 - getConditionDescription Invalid condition id : UX DEVICE CLASS RTOS Condition cause : null
2025-08-20 10:08:38,277 [WARN] PackLoader:240 - Cannot read IP mode file for STMicroelectronics.X-CUBE-AZRTOS-WB.2.0.0
2025-08-20 10:08:38,278 [WARN] ConditionMgr:1044 - genDependencies : Invalid condition id : UX DEVICE CLASS RTOS Condition cause : null
2025-08-20 10:08:38,278 [WARN] ConditionMgr:1044 - genDependencies : Invalid condition id : UX DEVICE CLASS RTOS Condition cause : null
2025-08-20 10:08:38,278 [WARN] ConditionMgr:1044 - genDependencies : Invalid condition id : UX DEVICE CLASS RTOS Condition cause : null
2025-08-20 10:08:38,278 [WARN] ConditionMgr:1044 - genDependencies : Invalid condition id : UX DEVICE CLASS RTOS Condition cause : null
2025-08-20 10:08:38,278 [WARN] ConditionMgr:1044 - genDependencies : Invalid condition id : UX DEVICE CLASS RTOS Condition cause : null
2025-08-20 10:08:38,281 [WARN] PackLoader:240 - Cannot read IP mode file for STMicroelectronics.X-CUBE-GNSS1.7.0.1
2025-08-20 10:08:38,285 [WARN] PackLoader:240 - Cannot read IP mode file for STMicroelectronics.X-CUBE-TOUCHGFX.4.25.0
2025-08-20 10:08:38,287 [WARN] ConditionMgr:438 - getConditionDescription Invalid condition id : Cortex-A Device cause : null
2025-08-20 10:08:38,301 [WARN] ConditionMgr:1044 - genDependencies : Invalid condition id : Cortex-A Device cause : null
2025-08-20 10:08:38,301 [WARN] ConditionMgr:1044 - genDependencies : Invalid condition id : Cortex-A Device cause : null
2025-08-20 10:08:38,301 [WARN] ConditionMgr:1044 - genDependencies : Invalid condition id : Cortex-A Device cause : null
2025-08-20 10:08:38,309 [WARN] PackLoader:240 - Cannot read IP mode file for STMicroelectronics.X-CUBE-SUBG2.5.0.0
2025-08-20 10:08:38,323 [WARN] PackLoader:240 - Cannot read IP mode file for STMicroelectronics.X-CUBE-AZRTOS-H7RS.1.1.0
2025-08-20 10:08:38,327 [WARN] PackLoader:240 - Cannot read IP mode file for Cesanta.I-CUBE-Mongoose.7.13.0
2025-08-20 10:08:38,336 [WARN] PackLoader:240 - Cannot read IP mode file for STMicroelectronics.X-CUBE-AZRTOS-G4.2.0.0
2025-08-20 10:08:38,341 [WARN] PackLoader:240 - Cannot read IP mode file for wolfSSL.I-CUBE-wolfSSH.1.4.20
2025-08-20 10:08:38,344 [WARN] PackLoader:240 - Cannot read IP mode file for STMicroelectronics.X-CUBE-NFC7.2.0.0
2025-08-20 10:08:38,351 [WARN] PackLoader:240 - Cannot read IP mode file for STMicroelectronics.X-CUBE-IPS.3.1.0
2025-08-20 10:08:38,359 [WARN] PackLoader:240 - Cannot read IP mode file for STMicroelectronics.X-CUBE-ALS.1.0.2
2025-08-20 10:08:38,363 [WARN] PackLoader:240 - Cannot read IP mode file for portGmbH.I-Cube-SoM-uGOAL.1.1.0
2025-08-20 10:08:38,371 [WARN] PackLoader:240 - Cannot read IP mode file for STMicroelectronics.X-CUBE-TOF1.3.4.3
2025-08-20 10:08:38,379 [INFO] ThirdParty:978 - Integrity check success = true
2025-08-20 10:08:38,379 [INFO] IntegrityCheckThread:100 - exiting critical section [integrity check]
2025-08-20 10:08:38,379 [INFO] IntegrityCheckThread:103 - End integrity checks thread
2025-08-20 10:08:39,175 [ERROR] LogOutputStream:75 - [STDERR_REDIRECT] [Fatal Error] :1:1: Premature end of file.
2025-08-20 10:08:39,176 [ERROR] LogOutputStream:75 - [STDERR_REDIRECT] 
2025-08-20 10:08:39,681 [ERROR] LogOutputStream:75 - [STDERR_REDIRECT] 
2025-08-20 10:08:39,681 [ERROR] LogOutputStream:75 - [STDERR_REDIRECT] 
2025-08-20 11:01:36,705 [INFO] Activator:176 - 


2025-08-20 11:01:36,709 [INFO] Activator:177 - !SESSION log4j initialized
2025-08-20 11:01:39,857 [INFO] LogOutputStream:77 - [STDOUT_REDIRECT] 
2025-08-20 11:01:41,174 [INFO] ApplicationProperties:184 - Using Application install path: C:\ST\STM32CubeIDE_1.19.0\STM32CubeIDE\plugins\com.st.stm32cube.common.mx_6.15.0.202507011659
2025-08-20 11:01:41,186 [INFO] DbMcusXml:78 - Set database path to: C:\ST\STM32CubeIDE_1.19.0\STM32CubeIDE\plugins\com.st.stm32cube.common.mx_6.15.0.202507011659\\db\/mcu/
2025-08-20 11:01:41,187 [INFO] ApiDb:274 - Set plugin database path to: C:\ST\STM32CubeIDE_1.19.0\STM32CubeIDE\plugins\com.st.stm32cube.common.mx_6.15.0.202507011659\\db\/plugins/boardmanager/
2025-08-20 11:01:41,187 [WARN] ApiDb:259 - Overriding images path with different value:  => C:\ST\STM32CubeIDE_1.19.0\STM32CubeIDE\plugins\com.st.stm32cube.common.mx_6.15.0.202507011659\\db\/plugins/mcufinder/images/
2025-08-20 11:01:41,191 [INFO] ApiDb:250 - Set database path to: C:\Users\VINOD\.stmcufinder\plugins\mcufinder//mcu/
2025-08-20 11:01:41,192 [INFO] DbMcusAds:125 - Set database path to: C:\Users\VINOD\.stmcufinder\plugins\mcufinder//mcu/
2025-08-20 11:01:41,193 [INFO] CrossReferenceDbSqlite:203 - Set database path to: C:\Users\VINOD\.stmcufinder\plugins\mcufinder//mcu/cs/
2025-08-20 11:01:41,288 [INFO] RulesReader:64 - Compatibility file has been processed (317 Rules)
2025-08-20 11:01:41,350 [INFO] DbMcusXml:78 - Set database path to: C:\ST\STM32CubeIDE_1.19.0\STM32CubeIDE\plugins\com.st.stm32cube.common.mx_6.15.0.202507011659\\db\/mcu/
2025-08-20 11:01:41,351 [INFO] ApiDb:274 - Set plugin database path to: C:\ST\STM32CubeIDE_1.19.0\STM32CubeIDE\plugins\com.st.stm32cube.common.mx_6.15.0.202507011659\\db\/plugins/boardmanager/
2025-08-20 11:01:41,351 [INFO] ApiDb:261 - Set plugin images path to: C:\ST\STM32CubeIDE_1.19.0\STM32CubeIDE\plugins\com.st.stm32cube.common.mx_6.15.0.202507011659\\db\/plugins/mcufinder/images/
2025-08-20 11:01:41,351 [WARN] DbFile:41 - Overriding database path with different value: C:\Users\VINOD\.stmcufinder\plugins\mcufinder/ => C:\Users\VINOD\.stmcufinder\plugins\mcufinder
2025-08-20 11:01:41,351 [INFO] ApiDb:250 - Set database path to: C:\Users\VINOD\.stmcufinder\plugins\mcufinder//mcu/
2025-08-20 11:01:41,351 [WARN] DbFile:41 - Overriding database path with different value: C:\Users\VINOD\.stmcufinder\plugins\mcufinder/ => C:\Users\VINOD\.stmcufinder\plugins\mcufinder
2025-08-20 11:01:41,351 [INFO] DbMcusAds:125 - Set database path to: C:\Users\VINOD\.stmcufinder\plugins\mcufinder//mcu/
2025-08-20 11:01:41,351 [WARN] DbFile:41 - Overriding database path with different value: C:\Users\VINOD\.stmcufinder\plugins\mcufinder/ => C:\Users\VINOD\.stmcufinder\plugins\mcufinder
2025-08-20 11:01:41,351 [WARN] DbFile:41 - Overriding database path with different value: C:\Users\VINOD\.stmcufinder\plugins\mcufinder/ => C:\Users\VINOD\.stmcufinder\plugins\mcufinder
2025-08-20 11:01:41,351 [INFO] CrossReferenceDbSqlite:203 - Set database path to: C:\Users\VINOD\.stmcufinder\plugins\mcufinder//mcu/cs/
2025-08-20 11:01:41,404 [INFO] MainPanel:274 - HeapMemory: 268435456
2025-08-20 11:01:41,459 [INFO] DbMcusXml:78 - Set database path to: C:\ST\STM32CubeIDE_1.19.0\STM32CubeIDE\plugins\com.st.stm32cube.common.mx_6.15.0.202507011659\\db\/mcu/
2025-08-20 11:01:41,459 [INFO] ApiDb:274 - Set plugin database path to: C:\ST\STM32CubeIDE_1.19.0\STM32CubeIDE\plugins\com.st.stm32cube.common.mx_6.15.0.202507011659\\db\/plugins/boardmanager/
2025-08-20 11:01:41,459 [INFO] ApiDb:261 - Set plugin images path to: C:\ST\STM32CubeIDE_1.19.0\STM32CubeIDE\plugins\com.st.stm32cube.common.mx_6.15.0.202507011659\\db\/plugins/mcufinder/images/
2025-08-20 11:01:41,459 [WARN] DbFile:41 - Overriding database path with different value: C:\Users\VINOD\.stmcufinder\plugins\mcufinder/ => C:\Users\VINOD\.stmcufinder\plugins\mcufinder
2025-08-20 11:01:41,459 [INFO] ApiDb:250 - Set database path to: C:\Users\VINOD\.stmcufinder\plugins\mcufinder//mcu/
2025-08-20 11:01:41,459 [WARN] DbFile:41 - Overriding database path with different value: C:\Users\VINOD\.stmcufinder\plugins\mcufinder/ => C:\Users\VINOD\.stmcufinder\plugins\mcufinder
2025-08-20 11:01:41,459 [INFO] DbMcusAds:125 - Set database path to: C:\Users\VINOD\.stmcufinder\plugins\mcufinder//mcu/
2025-08-20 11:01:41,459 [WARN] DbFile:41 - Overriding database path with different value: C:\Users\VINOD\.stmcufinder\plugins\mcufinder/ => C:\Users\VINOD\.stmcufinder\plugins\mcufinder
2025-08-20 11:01:41,459 [WARN] DbFile:41 - Overriding database path with different value: C:\Users\VINOD\.stmcufinder\plugins\mcufinder/ => C:\Users\VINOD\.stmcufinder\plugins\mcufinder
2025-08-20 11:01:41,459 [INFO] CrossReferenceDbSqlite:203 - Set database path to: C:\Users\VINOD\.stmcufinder\plugins\mcufinder//mcu/cs/
2025-08-20 11:01:41,472 [INFO] ApplicationProperties:184 - Using Application install path: C:\ST\STM32CubeIDE_1.19.0\STM32CubeIDE\plugins\com.st.stm32cube.common.mx_6.15.0.202507011659
2025-08-20 11:01:41,473 [INFO] PluginManage:196 - Search for loadable plugins [exclusion list=, ]
2025-08-20 11:01:41,474 [INFO] PluginManage:310 - Check plugin analytics
2025-08-20 11:01:41,635 [INFO] AnalyticsPlugin:253 - Accepted Software Licenses: 
2025-08-20 11:01:41,635 [INFO] AnalyticsPlugin:255 - Accepted CMSIS Pack Licenses: 
2025-08-20 11:01:41,635 [INFO] AnalyticsPlugin:257 - Accepted Firmware Licenses: FW.F4.1.28.0,FW.L4.1.18.0
2025-08-20 11:01:41,640 [INFO] PluginManage:359 - Loaded plugin analytics (category:tool,tabindex:-1)
2025-08-20 11:01:41,640 [INFO] PluginManage:310 - Check plugin cadmodel
2025-08-20 11:01:41,643 [INFO] CADModel:105 - Init CAD model plugin
2025-08-20 11:01:41,644 [INFO] PluginManage:359 - Loaded plugin cadmodel (category:power,tabindex:5)
2025-08-20 11:01:41,644 [INFO] PluginManage:310 - Check plugin clock
2025-08-20 11:01:41,652 [INFO] PluginManage:359 - Loaded plugin clock (category:base,tabindex:2)
2025-08-20 11:01:41,652 [INFO] PluginManage:310 - Check plugin ddr
2025-08-20 11:01:41,657 [INFO] PluginManage:359 - Loaded plugin ddr (category:tool,tabindex:6)
2025-08-20 11:01:41,657 [INFO] PluginManage:310 - Check plugin filemanager
2025-08-20 11:01:41,865 [INFO] PluginManage:359 - Loaded plugin filemanager (category:base,tabindex:10)
2025-08-20 11:01:41,865 [INFO] PluginManage:310 - Check plugin ipmanager
2025-08-20 11:01:41,871 [INFO] PluginManage:359 - Loaded plugin ipmanager (category:base,tabindex:5)
2025-08-20 11:01:41,871 [INFO] PluginManage:310 - Check plugin lpbam
2025-08-20 11:01:41,876 [INFO] PluginManage:359 - Loaded plugin lpbam (category:base,tabindex:0)
2025-08-20 11:01:41,876 [INFO] PluginManage:310 - Check plugin memorymap
2025-08-20 11:01:41,883 [INFO] PluginManage:359 - Loaded plugin memorymap (category:base,tabindex:4)
2025-08-20 11:01:41,883 [INFO] PluginManage:310 - Check plugin pinoutandconfiguration
2025-08-20 11:01:41,887 [INFO] PluginManage:359 - Loaded plugin pinoutandconfiguration (category:base,tabindex:1)
2025-08-20 11:01:41,887 [INFO] PluginManage:310 - Check plugin pinoutconfig
2025-08-20 11:01:41,940 [WARN] SupportedApi:132 - Cannot load RTOS API schema: s4s-elt-must-match.1: The content of 'definitions' must match (annotation?, (simpleType | complexType)?, (unique | key | keyref)*)). A problem was found starting at: attribute.
2025-08-20 11:01:42,024 [INFO] PluginManage:359 - Loaded plugin pinoutconfig (category:base,tabindex:0)
2025-08-20 11:01:42,024 [INFO] PluginManage:310 - Check plugin power
2025-08-20 11:01:42,030 [INFO] PluginManage:359 - Loaded plugin power (category:power,tabindex:4)
2025-08-20 11:01:42,030 [INFO] PluginManage:310 - Check plugin projectmanager
2025-08-20 11:01:42,047 [INFO] PluginManage:359 - Loaded plugin projectmanager (category:projectmanager,tabindex:4)
2025-08-20 11:01:42,048 [INFO] PluginManage:310 - Check plugin rif
2025-08-20 11:01:42,057 [INFO] PluginManage:359 - Loaded plugin rif (category:base,tabindex:3)
2025-08-20 11:01:42,057 [INFO] PluginManage:310 - Check plugin thirdparty
2025-08-20 11:01:42,176 [WARN] IntegrityCheckThread:84 - waiting for thirdparty lock release [integrity check]
2025-08-20 11:01:42,177 [INFO] IntegrityCheckThread:86 - entering critical section [integrity check]
2025-08-20 11:01:42,177 [INFO] ThirdPartyUpdaterWithRetryManager:70 - Updater plugin not ready yet. [1/15]
2025-08-20 11:01:42,177 [INFO] PluginManage:359 - Loaded plugin thirdparty (category:base,tabindex:-1)
2025-08-20 11:01:42,177 [INFO] PluginManage:310 - Check plugin tools
2025-08-20 11:01:42,180 [INFO] PluginManage:359 - Loaded plugin tools (category:base,tabindex:7)
2025-08-20 11:01:42,180 [INFO] PluginManage:310 - Check plugin tutovideos
2025-08-20 11:01:42,309 [INFO] PluginManage:359 - Loaded plugin tutovideos (category:base,tabindex:-1)
2025-08-20 11:01:42,309 [INFO] PluginManage:310 - Check plugin updater
2025-08-20 11:01:42,327 [INFO] PluginManage:359 - Loaded plugin updater (category:base,tabindex:12)
2025-08-20 11:01:42,327 [INFO] PluginManage:310 - Check plugin userauth
2025-08-20 11:01:42,332 [INFO] UserAuth:118 - Init User Auth plugin
2025-08-20 11:01:42,332 [INFO] PluginManage:359 - Loaded plugin userauth (category:base,tabindex:14)
2025-08-20 11:01:42,333 [INFO] PluginManage:283 - PluginManage : Loaded plugins [18]
2025-08-20 11:01:42,471 [INFO] PinOutPanel:1589 - setPackage(No Configuration,No Configuration)
2025-08-20 11:01:42,531 [INFO] CADModel:165 - CPN selected for project level
2025-08-20 11:01:42,531 [INFO] CADModel:114 - Register for checkConnection events
2025-08-20 11:01:42,541 [INFO] IPUIPlugin:80 - create IPUIPlugin
2025-08-20 11:01:42,541 [INFO] PluginManager:220 - loadIPPluginJar : add adc
2025-08-20 11:01:42,543 [INFO] IPUIPlugin:80 - create IPUIPlugin
2025-08-20 11:01:42,543 [INFO] PluginManager:220 - loadIPPluginJar : add aes
2025-08-20 11:01:42,544 [INFO] IPUIPlugin:80 - create IPUIPlugin
2025-08-20 11:01:42,544 [INFO] PluginManager:220 - loadIPPluginJar : add can
2025-08-20 11:01:42,545 [INFO] IPUIPlugin:80 - create IPUIPlugin
2025-08-20 11:01:42,545 [INFO] PluginManager:220 - loadIPPluginJar : add comp
2025-08-20 11:01:42,547 [INFO] IPUIPlugin:80 - create IPUIPlugin
2025-08-20 11:01:42,547 [INFO] PluginManager:220 - loadIPPluginJar : add cryp
2025-08-20 11:01:42,548 [INFO] IPUIPlugin:80 - create IPUIPlugin
2025-08-20 11:01:42,548 [INFO] PluginManager:220 - loadIPPluginJar : add ddr_ctrl_phy
2025-08-20 11:01:42,550 [INFO] IPUIPlugin:80 - create IPUIPlugin
2025-08-20 11:01:42,550 [INFO] PluginManager:220 - loadIPPluginJar : add dfsdm
2025-08-20 11:01:42,553 [INFO] IPUIPlugin:80 - create IPUIPlugin
2025-08-20 11:01:42,553 [INFO] PluginManager:220 - loadIPPluginJar : add dma
2025-08-20 11:01:42,555 [INFO] IPUIPlugin:80 - create IPUIPlugin
2025-08-20 11:01:42,555 [INFO] PluginManager:220 - loadIPPluginJar : add dma3
2025-08-20 11:01:42,556 [INFO] IPUIPlugin:80 - create IPUIPlugin
2025-08-20 11:01:42,556 [INFO] PluginManager:220 - loadIPPluginJar : add extmemmanager
2025-08-20 11:01:42,557 [INFO] IPUIPlugin:80 - create IPUIPlugin
2025-08-20 11:01:42,557 [INFO] PluginManager:220 - loadIPPluginJar : add fatfs
2025-08-20 11:01:42,560 [INFO] IPUIPlugin:80 - create IPUIPlugin
2025-08-20 11:01:42,560 [INFO] PluginManager:220 - loadIPPluginJar : add fmc
2025-08-20 11:01:42,564 [INFO] IPUIPlugin:80 - create IPUIPlugin
2025-08-20 11:01:42,565 [INFO] PluginManager:220 - loadIPPluginJar : add freertos
2025-08-20 11:01:42,567 [INFO] IPUIPlugin:80 - create IPUIPlugin
2025-08-20 11:01:42,567 [INFO] PluginManager:220 - loadIPPluginJar : add genericplugin
2025-08-20 11:01:42,570 [INFO] IPUIPlugin:80 - create IPUIPlugin
2025-08-20 11:01:42,571 [INFO] PluginManager:220 - loadIPPluginJar : add gfxmmu
2025-08-20 11:01:42,573 [INFO] IPUIPlugin:80 - create IPUIPlugin
2025-08-20 11:01:42,573 [INFO] PluginManager:220 - loadIPPluginJar : add gic
2025-08-20 11:01:42,576 [INFO] IPUIPlugin:80 - create IPUIPlugin
2025-08-20 11:01:42,576 [INFO] PluginManager:220 - loadIPPluginJar : add gpio
2025-08-20 11:01:42,577 [INFO] IPUIPlugin:80 - create IPUIPlugin
2025-08-20 11:01:42,577 [INFO] PluginManager:220 - loadIPPluginJar : add gtzc
2025-08-20 11:01:42,578 [INFO] IPUIPlugin:80 - create IPUIPlugin
2025-08-20 11:01:42,579 [INFO] PluginManager:220 - loadIPPluginJar : add hash
2025-08-20 11:01:42,580 [INFO] IPUIPlugin:80 - create IPUIPlugin
2025-08-20 11:01:42,581 [INFO] PluginManager:220 - loadIPPluginJar : add i2c
2025-08-20 11:01:42,582 [INFO] IPUIPlugin:80 - create IPUIPlugin
2025-08-20 11:01:42,583 [INFO] PluginManager:220 - loadIPPluginJar : add i2s
2025-08-20 11:01:42,584 [INFO] IPUIPlugin:80 - create IPUIPlugin
2025-08-20 11:01:42,585 [INFO] PluginManager:220 - loadIPPluginJar : add i3c
2025-08-20 11:01:42,587 [INFO] IPUIPlugin:80 - create IPUIPlugin
2025-08-20 11:01:42,587 [INFO] PluginManager:220 - loadIPPluginJar : add ipddr
2025-08-20 11:01:42,591 [INFO] IPUIPlugin:80 - create IPUIPlugin
2025-08-20 11:01:42,591 [INFO] PluginManager:220 - loadIPPluginJar : add linkedlist
2025-08-20 11:01:42,594 [INFO] IPUIPlugin:80 - create IPUIPlugin
2025-08-20 11:01:42,594 [INFO] PluginManager:220 - loadIPPluginJar : add lorawan
2025-08-20 11:01:42,595 [INFO] IPUIPlugin:80 - create IPUIPlugin
2025-08-20 11:01:42,595 [INFO] PluginManager:220 - loadIPPluginJar : add ltdc
2025-08-20 11:01:42,598 [INFO] IPUIPlugin:80 - create IPUIPlugin
2025-08-20 11:01:42,598 [INFO] PluginManager:220 - loadIPPluginJar : add mdma
2025-08-20 11:01:42,600 [INFO] IPUIPlugin:80 - create IPUIPlugin
2025-08-20 11:01:42,601 [INFO] PluginManager:220 - loadIPPluginJar : add nvic
2025-08-20 11:01:42,603 [INFO] IPUIPlugin:80 - create IPUIPlugin
2025-08-20 11:01:42,603 [INFO] PluginManager:220 - loadIPPluginJar : add opamp
2025-08-20 11:01:42,606 [INFO] IPUIPlugin:80 - create IPUIPlugin
2025-08-20 11:01:42,606 [INFO] PluginManager:220 - loadIPPluginJar : add openamp
2025-08-20 11:01:42,608 [INFO] IPUIPlugin:80 - create IPUIPlugin
2025-08-20 11:01:42,608 [INFO] PluginManager:220 - loadIPPluginJar : add pdm2pcm
2025-08-20 11:01:42,612 [INFO] IPUIPlugin:80 - create IPUIPlugin
2025-08-20 11:01:42,613 [INFO] PluginManager:220 - loadIPPluginJar : add plateformsettings
2025-08-20 11:01:42,614 [INFO] IPUIPlugin:80 - create IPUIPlugin
2025-08-20 11:01:42,614 [INFO] PluginManager:220 - loadIPPluginJar : add quadspi
2025-08-20 11:01:42,615 [INFO] IPUIPlugin:80 - create IPUIPlugin
2025-08-20 11:01:42,615 [INFO] PluginManager:220 - loadIPPluginJar : add radio
2025-08-20 11:01:42,617 [INFO] IPUIPlugin:80 - create IPUIPlugin
2025-08-20 11:01:42,617 [INFO] PluginManager:220 - loadIPPluginJar : add resmgrutility
2025-08-20 11:01:42,620 [INFO] IPUIPlugin:80 - create IPUIPlugin
2025-08-20 11:01:42,620 [INFO] PluginManager:220 - loadIPPluginJar : add sai
2025-08-20 11:01:42,622 [INFO] IPUIPlugin:80 - create IPUIPlugin
2025-08-20 11:01:42,622 [INFO] PluginManager:220 - loadIPPluginJar : add spi
2025-08-20 11:01:42,627 [INFO] IPUIPlugin:80 - create IPUIPlugin
2025-08-20 11:01:42,627 [INFO] PluginManager:220 - loadIPPluginJar : add stm32_wpan
2025-08-20 11:01:42,628 [INFO] IPUIPlugin:80 - create IPUIPlugin
2025-08-20 11:01:42,628 [INFO] PluginManager:220 - loadIPPluginJar : add tim
2025-08-20 11:01:42,630 [INFO] IPUIPlugin:80 - create IPUIPlugin
2025-08-20 11:01:42,631 [INFO] PluginManager:220 - loadIPPluginJar : add touchsensing
2025-08-20 11:01:42,634 [INFO] IPUIPlugin:80 - create IPUIPlugin
2025-08-20 11:01:42,634 [INFO] PluginManager:220 - loadIPPluginJar : add tracer_emb
2025-08-20 11:01:42,635 [INFO] IPUIPlugin:80 - create IPUIPlugin
2025-08-20 11:01:42,635 [INFO] PluginManager:220 - loadIPPluginJar : add ts
2025-08-20 11:01:42,637 [INFO] IPUIPlugin:80 - create IPUIPlugin
2025-08-20 11:01:42,637 [INFO] PluginManager:220 - loadIPPluginJar : add tsc
2025-08-20 11:01:42,638 [INFO] IPUIPlugin:80 - create IPUIPlugin
2025-08-20 11:01:42,639 [INFO] PluginManager:220 - loadIPPluginJar : add ucpd
2025-08-20 11:01:42,642 [INFO] IPUIPlugin:80 - create IPUIPlugin
2025-08-20 11:01:42,642 [INFO] PluginManager:220 - loadIPPluginJar : add usart
2025-08-20 11:01:42,645 [INFO] IPUIPlugin:80 - create IPUIPlugin
2025-08-20 11:01:42,645 [INFO] PluginManager:220 - loadIPPluginJar : add usbx
2025-08-20 11:01:42,764 [FATAL] Updater:351 - Updater called before beeing initialized
2025-08-20 11:01:42,785 [INFO] RulesReader:64 - Compatibility file has been processed (317 Rules)
2025-08-20 11:01:42,792 [INFO] RulesReader:64 - Compatibility file has been processed (317 Rules)
2025-08-20 11:01:42,801 [INFO] CADModel:165 - CPN selected for project level
2025-08-20 11:01:42,801 [INFO] CADModel:114 - Register for checkConnection events
2025-08-20 11:01:42,801 [FATAL] Updater:351 - Updater called before beeing initialized
2025-08-20 11:01:42,801 [ERROR] CADModel:125 - Updater not yet initialized, retry later 
2025-08-20 11:01:42,905 [FATAL] Updater:351 - Updater called before beeing initialized
2025-08-20 11:01:42,907 [INFO] CADModel:165 - CPN selected for project level
2025-08-20 11:01:42,907 [INFO] CADModel:114 - Register for checkConnection events
2025-08-20 11:01:42,907 [FATAL] Updater:351 - Updater called before beeing initialized
2025-08-20 11:01:42,907 [ERROR] CADModel:125 - Updater not yet initialized, retry later 
2025-08-20 11:01:42,909 [FATAL] Updater:351 - Updater called before beeing initialized
2025-08-20 11:01:42,980 [FATAL] Updater:351 - Updater called before beeing initialized
2025-08-20 11:01:42,982 [INFO] DbMcusAds:53 - JSON generation date=Tue Jul 08 13:44:23 IST 2025 (1751962463582)
2025-08-20 11:01:42,982 [FATAL] Updater:351 - Updater called before beeing initialized
2025-08-20 11:01:43,000 [WARN] DetailPanel:346 - Failed to get advertising image, set to default
2025-08-20 11:01:43,059 [FATAL] Updater:351 - Updater called before beeing initialized
2025-08-20 11:01:43,060 [FATAL] Updater:351 - Updater called before beeing initialized
2025-08-20 11:01:43,060 [FATAL] Updater:351 - Updater called before beeing initialized
2025-08-20 11:01:43,060 [WARN] DetailPanel:346 - Failed to get advertising image, set to default
2025-08-20 11:01:43,061 [FATAL] Updater:351 - Updater called before beeing initialized
2025-08-20 11:01:43,100 [ERROR] Updater:1198 - MainUpdater not yet initialized. External WinMGr cannot be set.
2025-08-20 11:01:43,102 [INFO] Updater:1134 - Updater Version found : 6.15.0
2025-08-20 11:01:43,113 [INFO] ApplicationProperties:184 - Using Application install path: C:\ST\STM32CubeIDE_1.19.0\STM32CubeIDE\plugins\com.st.stm32cube.common.mx_6.15.0.202507011659
2025-08-20 11:01:44,683 [ERROR] LogOutputStream:75 - [STDERR_REDIRECT] Aug 20, 2025 11:01:44 AM java.util.prefs.WindowsPreferences <init>
2025-08-20 11:01:44,684 [ERROR] LogOutputStream:75 - [STDERR_REDIRECT] WARNING: Could not open/create prefs root node Software\JavaSoft\Prefs at root 0xffffffff80000002. Windows RegCreateKeyEx(...) returned error code 5.
2025-08-20 11:01:44,684 [ERROR] LogOutputStream:75 - [STDERR_REDIRECT] 
2025-08-20 11:01:45,038 [INFO] MainUpdater:2872 - connection check result : 10
2025-08-20 11:01:45,038 [INFO] MainUpdater:289 - Updater Check For Update Now.
2025-08-20 11:01:45,038 [INFO] MicroXplorer:498 - Change Database Version : DB.6.0.150
2025-08-20 11:01:45,057 [INFO] McuFinderGlobals:63 - Set McuFinder mode to 2 (CubeIDE integrated)
2025-08-20 11:01:45,058 [INFO] UserAuth:487 - Internet connection configuration mode: 1
2025-08-20 11:01:45,107 [INFO] JxBrowserEngine:152 - Initiate JxBrowser Engine with user profile folder
2025-08-20 11:01:45,177 [WARN] MainUpdater:1193 - Updater busy. Cannot search thirdparties
2025-08-20 11:01:45,177 [INFO] ThirdPartyUpdaterWithRetryManager:96 - Updater plugin is busy. [1/15]
2025-08-20 11:01:45,218 [INFO] CheckServerUpdateThread:120 - End of CheckServer Thread
2025-08-20 11:01:45,608 [INFO] WebApp:169 - Instantiating new browser for Auth
2025-08-20 11:01:46,138 [INFO] WebApp:463 - Apply proxy settings
2025-08-20 11:01:46,139 [INFO] WebApp:548 - Chromium requires no authentication
2025-08-20 11:01:46,145 [INFO] WebApp:491 - Direct internet connection detected
2025-08-20 11:01:46,162 [INFO] WebApp:900 - Register for checkConnection events
2025-08-20 11:01:46,162 [INFO] WebApp:463 - Apply proxy settings
2025-08-20 11:01:46,162 [INFO] WebApp:548 - Chromium requires no authentication
2025-08-20 11:01:46,162 [INFO] WebApp:491 - Direct internet connection detected
2025-08-20 11:01:46,278 [INFO] WebApp:225 - Starting web application
2025-08-20 11:01:46,278 [INFO] WebApp:593 - Web application path used C:\ST\STM32CubeIDE_1.19.0\STM32CubeIDE\plugins\com.st.stm32cube.common.mx_6.15.0.202507011659\db\plugins\mcufinder\reactClient1\index.html
2025-08-20 11:01:46,355 [INFO] UserAuth:487 - Internet connection configuration mode: 1
2025-08-20 11:01:46,426 [ERROR] LogOutputStream:75 - [STDERR_REDIRECT] [Fatal Error] :1:1: Premature end of file.
2025-08-20 11:01:46,427 [ERROR] LogOutputStream:75 - [STDERR_REDIRECT] 
2025-08-20 11:01:46,522 [INFO] WebApp:191 - Connection restablished
2025-08-20 11:01:47,416 [ERROR] LogOutputStream:75 - [STDERR_REDIRECT] [Fatal Error] :1:1: Premature end of file.
2025-08-20 11:01:47,416 [ERROR] LogOutputStream:75 - [STDERR_REDIRECT] 
2025-08-20 11:01:48,451 [ERROR] LogOutputStream:75 - [STDERR_REDIRECT] [Fatal Error] :1:1: Premature end of file.
2025-08-20 11:01:48,452 [ERROR] LogOutputStream:75 - [STDERR_REDIRECT] 
2025-08-20 11:01:48,488 [WARN] PackLoader:240 - Cannot read IP mode file for STMicroelectronics.FP-SNS-MOTENVWB1.1.4.0
2025-08-20 11:01:48,505 [WARN] PackLoader:240 - Cannot read IP mode file for STMicroelectronics.FP-ATR-ASTRA1.2.0.2
2025-08-20 11:01:48,519 [WARN] PackLoader:240 - Cannot read IP mode file for STMicroelectronics.X-CUBE-SMBUS.2.1.0
2025-08-20 11:01:48,525 [WARN] PackLoader:240 - Cannot read IP mode file for STMicroelectronics.X-CUBE-ST60.1.0.0
2025-08-20 11:01:48,577 [WARN] PackLoader:240 - Cannot read IP mode file for STMicroelectronics.X-CUBE-AZRTOS-F7.1.1.0
2025-08-20 11:01:48,634 [WARN] PackLoader:240 - Cannot read IP mode file for Infineon.AIROC-Wi-Fi-Bluetooth-STM32.1.7.1
2025-08-20 11:01:48,679 [WARN] PackLoader:240 - Cannot read IP mode file for STMicroelectronics.X-CUBE-AZRTOS-H7.3.4.0
2025-08-20 11:01:48,696 [WARN] PackLoader:240 - Cannot read IP mode file for STMicroelectronics.X-CUBE-DISPLAY.3.0.0
2025-08-20 11:01:48,715 [WARN] PackLoader:240 - Cannot read IP mode file for STMicroelectronics.X-CUBE-NFC10.1.0.0
2025-08-20 11:01:48,727 [WARN] PackLoader:240 - Cannot read IP mode file for emotas.I-CUBE-CANOPEN.1.3.0
2025-08-20 11:01:48,742 [WARN] PackLoader:240 - Cannot read IP mode file for STMicroelectronics.FP-SNS-STBOX1.2.1.0
2025-08-20 11:01:48,755 [WARN] PackLoader:240 - Cannot read IP mode file for STMicroelectronics.FP-SNS-SMARTAG2.1.2.0
2025-08-20 11:01:48,762 [WARN] PackLoader:240 - Cannot read IP mode file for STMicroelectronics.FP-SNS-FLIGHT1.5.1.0
2025-08-20 11:01:48,776 [INFO] LogOutputStream:77 - [STDOUT_REDIRECT] 1 : Invalid condition id : UX_CORESTACK_Condition cause : null
2025-08-20 11:01:48,777 [INFO] LogOutputStream:77 - [STDOUT_REDIRECT] 1 : Invalid condition id : UX_CORESTACK_Condition cause : null
2025-08-20 11:01:48,779 [INFO] LogOutputStream:77 - [STDOUT_REDIRECT] 1 : Invalid condition id : UX_CORESTACK_Condition cause : null
2025-08-20 11:01:48,781 [INFO] LogOutputStream:77 - [STDOUT_REDIRECT] 1 : Invalid condition id : UX_CORESTACK_Condition cause : null
2025-08-20 11:01:48,784 [INFO] LogOutputStream:77 - [STDOUT_REDIRECT] 1 : Invalid condition id : UX_CORESTACK_Condition cause : null
2025-08-20 11:01:48,790 [WARN] PackLoader:240 - Cannot read IP mode file for STMicroelectronics.X-CUBE-AZRTOS-WL.2.0.0
2025-08-20 11:01:48,799 [WARN] PackLoader:240 - Cannot read IP mode file for STMicroelectronics.FP-SNS-MOTENV1.5.0.0
2025-08-20 11:01:48,817 [WARN] PackLoader:240 - Cannot read IP mode file for WES.I-CUBE-Cesium.1.3.0
2025-08-20 11:01:48,826 [WARN] PackLoader:240 - Cannot read IP mode file for STMicroelectronics.X-CUBE-BLE2.3.3.0
2025-08-20 11:01:48,837 [WARN] PackLoader:240 - Cannot read IP mode file for STMicroelectronics.X-CUBE-NFC9.1.0.0
2025-08-20 11:01:48,847 [WARN] PackLoader:240 - Cannot read IP mode file for wolfSSL.I-CUBE-wolfSSL.5.8.2
2025-08-20 11:01:48,855 [WARN] PackLoader:240 - Cannot read IP mode file for STMicroelectronics.X-CUBE-BLE1.7.1.0
2025-08-20 11:01:48,863 [WARN] PackLoader:240 - Cannot read IP mode file for wolfSSL.I-CUBE-wolfMQTT.1.19.2
2025-08-20 11:01:48,872 [WARN] PackLoader:240 - Cannot read IP mode file for STMicroelectronics.X-CUBE-EEPRMA1.5.2.0
2025-08-20 11:01:48,894 [WARN] PackLoader:240 - Cannot read IP mode file for STMicroelectronics.X-CUBE-AZRTOS-G0.1.1.0
2025-08-20 11:01:48,908 [ERROR] LogOutputStream:75 - [STDERR_REDIRECT] 
2025-08-20 11:01:48,910 [ERROR] LogOutputStream:75 - [STDERR_REDIRECT] 
